expected
k = 0
0.000000l 0.587785l 0.951057l 0.951057l 0.587785l 0.000000l -0.587785l -0.951057l -0.951057l -0.587785l -0.000000l 
0.587785l 0.951057l 0.951057l 0.587785l 0.000000l -0.587785l -0.951057l -0.951057l -0.587785l -0.000000l 0.587785l 
0.951057l 0.951057l 0.587785l 0.000000l -0.587785l -0.951057l -0.951057l -0.587785l -0.000000l 0.587785l 0.951057l 
0.951057l 0.587785l 0.000000l -0.587785l -0.951057l -0.951057l -0.587785l -0.000000l 0.587785l 0.951057l 0.951057l 
0.587785l 0.000000l -0.587785l -0.951057l -0.951057l -0.587785l -0.000000l 0.587785l 0.951057l 0.951057l 0.587785l 
0.000000l -0.587785l -0.951057l -0.951057l -0.587785l -0.000000l 0.587785l 0.951057l 0.951057l 0.587785l 0.000000l 
-0.587785l -0.951057l -0.951057l -0.587785l -0.000000l 0.587785l 0.951057l 0.951057l 0.587785l 0.000000l -0.587785l 
-0.951057l -0.951057l -0.587785l -0.000000l 0.587785l 0.951057l 0.951057l 0.587785l 0.000000l -0.587785l -0.951057l 
-0.951057l -0.587785l -0.000000l 0.587785l 0.951057l 0.951057l 0.587785l 0.000000l -0.587785l -0.951057l -0.951057l 
-0.587785l -0.000000l 0.587785l 0.951057l 0.951057l 0.587785l 0.000000l -0.587785l -0.951057l -0.951057l -0.587785l 
-0.000000l 0.587785l 0.951057l 0.951057l 0.587785l 0.000000l -0.587785l -0.951057l -0.951057l -0.587785l -0.000000l 


k = 1
0.060625l 0.648410l 1.011681l 1.011681l 0.648410l 0.060625l -0.527161l -0.890432l -0.890432l -0.527161l 0.060625l 
0.648410l 1.011681l 1.011681l 0.648410l 0.060625l -0.527161l -0.890432l -0.890432l -0.527161l 0.060625l 0.648410l 
1.011681l 1.011681l 0.648410l 0.060625l -0.527161l -0.890432l -0.890432l -0.527161l 0.060625l 0.648410l 1.011681l 
1.011681l 0.648410l 0.060625l -0.527161l -0.890432l -0.890432l -0.527161l 0.060625l 0.648410l 1.011681l 1.011681l 
0.648410l 0.060625l -0.527161l -0.890432l -0.890432l -0.527161l 0.060625l 0.648410l 1.011681l 1.011681l 0.648410l 
0.060625l -0.527161l -0.890432l -0.890432l -0.527161l 0.060625l 0.648410l 1.011681l 1.011681l 0.648410l 0.060625l 
-0.527161l -0.890432l -0.890432l -0.527161l 0.060625l 0.648410l 1.011681l 1.011681l 0.648410l 0.060625l -0.527161l 
-0.890432l -0.890432l -0.527161l 0.060625l 0.648410l 1.011681l 1.011681l 0.648410l 0.060625l -0.527161l -0.890432l 
-0.890432l -0.527161l 0.060625l 0.648410l 1.011681l 1.011681l 0.648410l 0.060625l -0.527161l -0.890432l -0.890432l 
-0.527161l 0.060625l 0.648410l 1.011681l 1.011681l 0.648410l 0.060625l -0.527161l -0.890432l -0.890432l -0.527161l 
0.060625l 0.648410l 1.011681l 1.011681l 0.648410l 0.060625l -0.527161l -0.890432l -0.890432l -0.527161l 0.060625l 


k = 2
0.223144l 0.810929l 1.174200l 1.174200l 0.810929l 0.223144l -0.364642l -0.727913l -0.727913l -0.364642l 0.223144l 
0.810929l 1.174200l 1.174200l 0.810929l 0.223144l -0.364642l -0.727913l -0.727913l -0.364642l 0.223144l 0.810929l 
1.174200l 1.174200l 0.810929l 0.223144l -0.364642l -0.727913l -0.727913l -0.364642l 0.223144l 0.810929l 1.174200l 
1.174200l 0.810929l 0.223144l -0.364642l -0.727913l -0.727913l -0.364642l 0.223144l 0.810929l 1.174200l 1.174200l 
0.810929l 0.223144l -0.364642l -0.727913l -0.727913l -0.364642l 0.223144l 0.810929l 1.174200l 1.174200l 0.810929l 
0.223144l -0.364642l -0.727913l -0.727913l -0.364642l 0.223144l 0.810929l 1.174200l 1.174200l 0.810929l 0.223144l 
-0.364642l -0.727913l -0.727913l -0.364642l 0.223144l 0.810929l 1.174200l 1.174200l 0.810929l 0.223144l -0.364642l 
-0.727913l -0.727913l -0.364642l 0.223144l 0.810929l 1.174200l 1.174200l 0.810929l 0.223144l -0.364642l -0.727913l 
-0.727913l -0.364642l 0.223144l 0.810929l 1.174200l 1.174200l 0.810929l 0.223144l -0.364642l -0.727913l -0.727913l 
-0.364642l 0.223144l 0.810929l 1.174200l 1.174200l 0.810929l 0.223144l -0.364642l -0.727913l -0.727913l -0.364642l 
0.223144l 0.810929l 1.174200l 1.174200l 0.810929l 0.223144l -0.364642l -0.727913l -0.727913l -0.364642l 0.223144l 


k = 3
0.446287l 1.034072l 1.397344l 1.397344l 1.034072l 0.446287l -0.141498l -0.504769l -0.504769l -0.141498l 0.446287l 
1.034072l 1.397344l 1.397344l 1.034072l 0.446287l -0.141498l -0.504769l -0.504769l -0.141498l 0.446287l 1.034072l 
1.397344l 1.397344l 1.034072l 0.446287l -0.141498l -0.504769l -0.504769l -0.141498l 0.446287l 1.034072l 1.397344l 
1.397344l 1.034072l 0.446287l -0.141498l -0.504769l -0.504769l -0.141498l 0.446287l 1.034072l 1.397344l 1.397344l 
1.034072l 0.446287l -0.141498l -0.504769l -0.504769l -0.141498l 0.446287l 1.034072l 1.397344l 1.397344l 1.034072l 
0.446287l -0.141498l -0.504769l -0.504769l -0.141498l 0.446287l 1.034072l 1.397344l 1.397344l 1.034072l 0.446287l 
-0.141498l -0.504769l -0.504769l -0.141498l 0.446287l 1.034072l 1.397344l 1.397344l 1.034072l 0.446287l -0.141498l 
-0.504769l -0.504769l -0.141498l 0.446287l 1.034072l 1.397344l 1.397344l 1.034072l 0.446287l -0.141498l -0.504769l 
-0.504769l -0.141498l 0.446287l 1.034072l 1.397344l 1.397344l 1.034072l 0.446287l -0.141498l -0.504769l -0.504769l 
-0.141498l 0.446287l 1.034072l 1.397344l 1.397344l 1.034072l 0.446287l -0.141498l -0.504769l -0.504769l -0.141498l 
0.446287l 1.034072l 1.397344l 1.397344l 1.034072l 0.446287l -0.141498l -0.504769l -0.504769l -0.141498l 0.446287l 


k = 4
0.693147l 1.280932l 1.644204l 1.644204l 1.280932l 0.693147l 0.105362l -0.257909l -0.257909l 0.105362l 0.693147l 
1.280932l 1.644204l 1.644204l 1.280932l 0.693147l 0.105362l -0.257909l -0.257909l 0.105362l 0.693147l 1.280932l 
1.644204l 1.644204l 1.280932l 0.693147l 0.105362l -0.257909l -0.257909l 0.105362l 0.693147l 1.280932l 1.644204l 
1.644204l 1.280932l 0.693147l 0.105362l -0.257909l -0.257909l 0.105362l 0.693147l 1.280932l 1.644204l 1.644204l 
1.280932l 0.693147l 0.105362l -0.257909l -0.257909l 0.105362l 0.693147l 1.280932l 1.644204l 1.644204l 1.280932l 
0.693147l 0.105362l -0.257909l -0.257909l 0.105362l 0.693147l 1.280932l 1.644204l 1.644204l 1.280932l 0.693147l 
0.105362l -0.257909l -0.257909l 0.105362l 0.693147l 1.280932l 1.644204l 1.644204l 1.280932l 0.693147l 0.105362l 
-0.257909l -0.257909l 0.105362l 0.693147l 1.280932l 1.644204l 1.644204l 1.280932l 0.693147l 0.105362l -0.257909l 
-0.257909l 0.105362l 0.693147l 1.280932l 1.644204l 1.644204l 1.280932l 0.693147l 0.105362l -0.257909l -0.257909l 
0.105362l 0.693147l 1.280932l 1.644204l 1.644204l 1.280932l 0.693147l 0.105362l -0.257909l -0.257909l 0.105362l 
0.693147l 1.280932l 1.644204l 1.644204l 1.280932l 0.693147l 0.105362l -0.257909l -0.257909l 0.105362l 0.693147l 


k = 5
0.940983l 1.528769l 1.892040l 1.892040l 1.528769l 0.940983l 0.353198l -0.010073l -0.010073l 0.353198l 0.940983l 
1.528769l 1.892040l 1.892040l 1.528769l 0.940983l 0.353198l -0.010073l -0.010073l 0.353198l 0.940983l 1.528769l 
1.892040l 1.892040l 1.528769l 0.940983l 0.353198l -0.010073l -0.010073l 0.353198l 0.940983l 1.528769l 1.892040l 
1.892040l 1.528769l 0.940983l 0.353198l -0.010073l -0.010073l 0.353198l 0.940983l 1.528769l 1.892040l 1.892040l 
1.528769l 0.940983l 0.353198l -0.010073l -0.010073l 0.353198l 0.940983l 1.528769l 1.892040l 1.892040l 1.528769l 
0.940983l 0.353198l -0.010073l -0.010073l 0.353198l 0.940983l 1.528769l 1.892040l 1.892040l 1.528769l 0.940983l 
0.353198l -0.010073l -0.010073l 0.353198l 0.940983l 1.528769l 1.892040l 1.892040l 1.528769l 0.940983l 0.353198l 
-0.010073l -0.010073l 0.353198l 0.940983l 1.528769l 1.892040l 1.892040l 1.528769l 0.940983l 0.353198l -0.010073l 
-0.010073l 0.353198l 0.940983l 1.528769l 1.892040l 1.892040l 1.528769l 0.940983l 0.353198l -0.010073l -0.010073l 
0.353198l 0.940983l 1.528769l 1.892040l 1.892040l 1.528769l 0.940983l 0.353198l -0.010073l -0.010073l 0.353198l 
0.940983l 1.528769l 1.892040l 1.892040l 1.528769l 0.940983l 0.353198l -0.010073l -0.010073l 0.353198l 0.940983l 


k = 6
1.178655l 1.766440l 2.129712l 2.129712l 1.766440l 1.178655l 0.590870l 0.227598l 0.227598l 0.590870l 1.178655l 
1.766440l 2.129712l 2.129712l 1.766440l 1.178655l 0.590870l 0.227598l 0.227598l 0.590870l 1.178655l 1.766440l 
2.129712l 2.129712l 1.766440l 1.178655l 0.590870l 0.227598l 0.227598l 0.590870l 1.178655l 1.766440l 2.129712l 
2.129712l 1.766440l 1.178655l 0.590870l 0.227598l 0.227598l 0.590870l 1.178655l 1.766440l 2.129712l 2.129712l 
1.766440l 1.178655l 0.590870l 0.227598l 0.227598l 0.590870l 1.178655l 1.766440l 2.129712l 2.129712l 1.766440l 
1.178655l 0.590870l 0.227598l 0.227598l 0.590870l 1.178655l 1.766440l 2.129712l 2.129712l 1.766440l 1.178655l 
0.590870l 0.227598l 0.227598l 0.590870l 1.178655l 1.766440l 2.129712l 2.129712l 1.766440l 1.178655l 0.590870l 
0.227598l 0.227598l 0.590870l 1.178655l 1.766440l 2.129712l 2.129712l 1.766440l 1.178655l 0.590870l 0.227598l 
0.227598l 0.590870l 1.178655l 1.766440l 2.129712l 2.129712l 1.766440l 1.178655l 0.590870l 0.227598l 0.227598l 
0.590870l 1.178655l 1.766440l 2.129712l 2.129712l 1.766440l 1.178655l 0.590870l 0.227598l 0.227598l 0.590870l 
1.178655l 1.766440l 2.129712l 2.129712l 1.766440l 1.178655l 0.590870l 0.227598l 0.227598l 0.590870l 1.178655l 


k = 7
1.401799l 1.989584l 2.352855l 2.352855l 1.989584l 1.401799l 0.814013l 0.450742l 0.450742l 0.814013l 1.401799l 
1.989584l 2.352855l 2.352855l 1.989584l 1.401799l 0.814013l 0.450742l 0.450742l 0.814013l 1.401799l 1.989584l 
2.352855l 2.352855l 1.989584l 1.401799l 0.814013l 0.450742l 0.450742l 0.814013l 1.401799l 1.989584l 2.352855l 
2.352855l 1.989584l 1.401799l 0.814013l 0.450742l 0.450742l 0.814013l 1.401799l 1.989584l 2.352855l 2.352855l 
1.989584l 1.401799l 0.814013l 0.450742l 0.450742l 0.814013l 1.401799l 1.989584l 2.352855l 2.352855l 1.989584l 
1.401799l 0.814013l 0.450742l 0.450742l 0.814013l 1.401799l 1.989584l 2.352855l 2.352855l 1.989584l 1.401799l 
0.814013l 0.450742l 0.450742l 0.814013l 1.401799l 1.989584l 2.352855l 2.352855l 1.989584l 1.401799l 0.814013l 
0.450742l 0.450742l 0.814013l 1.401799l 1.989584l 2.352855l 2.352855l 1.989584l 1.401799l 0.814013l 0.450742l 
0.450742l 0.814013l 1.401799l 1.989584l 2.352855l 2.352855l 1.989584l 1.401799l 0.814013l 0.450742l 0.450742l 
0.814013l 1.401799l 1.989584l 2.352855l 2.352855l 1.989584l 1.401799l 0.814013l 0.450742l 0.450742l 0.814013l 
1.401799l 1.989584l 2.352855l 2.352855l 1.989584l 1.401799l 0.814013l 0.450742l 0.450742l 0.814013l 1.401799l 


k = 8
1.609438l 2.197223l 2.560494l 2.560494l 2.197223l 1.609438l 1.021653l 0.658381l 0.658381l 1.021653l 1.609438l 
2.197223l 2.560494l 2.560494l 2.197223l 1.609438l 1.021653l 0.658381l 0.658381l 1.021653l 1.609438l 2.197223l 
2.560494l 2.560494l 2.197223l 1.609438l 1.021653l 0.658381l 0.658381l 1.021653l 1.609438l 2.197223l 2.560494l 
2.560494l 2.197223l 1.609438l 1.021653l 0.658381l 0.658381l 1.021653l 1.609438l 2.197223l 2.560494l 2.560494l 
2.197223l 1.609438l 1.021653l 0.658381l 0.658381l 1.021653l 1.609438l 2.197223l 2.560494l 2.560494l 2.197223l 
1.609438l 1.021653l 0.658381l 0.658381l 1.021653l 1.609438l 2.197223l 2.560494l 2.560494l 2.197223l 1.609438l 
1.021653l 0.658381l 0.658381l 1.021653l 1.609438l 2.197223l 2.560494l 2.560494l 2.197223l 1.609438l 1.021653l 
0.658381l 0.658381l 1.021653l 1.609438l 2.197223l 2.560494l 2.560494l 2.197223l 1.609438l 1.021653l 0.658381l 
0.658381l 1.021653l 1.609438l 2.197223l 2.560494l 2.560494l 2.197223l 1.609438l 1.021653l 0.658381l 0.658381l 
1.021653l 1.609438l 2.197223l 2.560494l 2.560494l 2.197223l 1.609438l 1.021653l 0.658381l 0.658381l 1.021653l 
1.609438l 2.197223l 2.560494l 2.560494l 2.197223l 1.609438l 1.021653l 0.658381l 0.658381l 1.021653l 1.609438l 


k = 9
1.802122l 2.389908l 2.753179l 2.753179l 2.389908l 1.802122l 1.214337l 0.851066l 0.851066l 1.214337l 1.802122l 
2.389908l 2.753179l 2.753179l 2.389908l 1.802122l 1.214337l 0.851066l 0.851066l 1.214337l 1.802122l 2.389908l 
2.753179l 2.753179l 2.389908l 1.802122l 1.214337l 0.851066l 0.851066l 1.214337l 1.802122l 2.389908l 2.753179l 
2.753179l 2.389908l 1.802122l 1.214337l 0.851066l 0.851066l 1.214337l 1.802122l 2.389908l 2.753179l 2.753179l 
2.389908l 1.802122l 1.214337l 0.851066l 0.851066l 1.214337l 1.802122l 2.389908l 2.753179l 2.753179l 2.389908l 
1.802122l 1.214337l 0.851066l 0.851066l 1.214337l 1.802122l 2.389908l 2.753179l 2.753179l 2.389908l 1.802122l 
1.214337l 0.851066l 0.851066l 1.214337l 1.802122l 2.389908l 2.753179l 2.753179l 2.389908l 1.802122l 1.214337l 
0.851066l 0.851066l 1.214337l 1.802122l 2.389908l 2.753179l 2.753179l 2.389908l 1.802122l 1.214337l 0.851066l 
0.851066l 1.214337l 1.802122l 2.389908l 2.753179l 2.753179l 2.389908l 1.802122l 1.214337l 0.851066l 0.851066l 
1.214337l 1.802122l 2.389908l 2.753179l 2.753179l 2.389908l 1.802122l 1.214337l 0.851066l 0.851066l 1.214337l 
1.802122l 2.389908l 2.753179l 2.753179l 2.389908l 1.802122l 1.214337l 0.851066l 0.851066l 1.214337l 1.802122l 


k = 10
1.981001l 2.568787l 2.932058l 2.932058l 2.568787l 1.981001l 1.393216l 1.029945l 1.029945l 1.393216l 1.981001l 
2.568787l 2.932058l 2.932058l 2.568787l 1.981001l 1.393216l 1.029945l 1.029945l 1.393216l 1.981001l 2.568787l 
2.932058l 2.932058l 2.568787l 1.981001l 1.393216l 1.029945l 1.029945l 1.393216l 1.981001l 2.568787l 2.932058l 
2.932058l 2.568787l 1.981001l 1.393216l 1.029945l 1.029945l 1.393216l 1.981001l 2.568787l 2.932058l 2.932058l 
2.568787l 1.981001l 1.393216l 1.029945l 1.029945l 1.393216l 1.981001l 2.568787l 2.932058l 2.932058l 2.568787l 
1.981001l 1.393216l 1.029945l 1.029945l 1.393216l 1.981001l 2.568787l 2.932058l 2.932058l 2.568787l 1.981001l 
1.393216l 1.029945l 1.029945l 1.393216l 1.981001l 2.568787l 2.932058l 2.932058l 2.568787l 1.981001l 1.393216l 
1.029945l 1.029945l 1.393216l 1.981001l 2.568787l 2.932058l 2.932058l 2.568787l 1.981001l 1.393216l 1.029945l 
1.029945l 1.393216l 1.981001l 2.568787l 2.932058l 2.932058l 2.568787l 1.981001l 1.393216l 1.029945l 1.029945l 
1.393216l 1.981001l 2.568787l 2.932058l 2.932058l 2.568787l 1.981001l 1.393216l 1.029945l 1.029945l 1.393216l 
1.981001l 2.568787l 2.932058l 2.932058l 2.568787l 1.981001l 1.393216l 1.029945l 1.029945l 1.393216l 1.981001l 


k = 11
2.147392l 2.735177l 3.098449l 3.098449l 2.735177l 2.147392l 1.559607l 1.196336l 1.196336l 1.559607l 2.147392l 
2.735177l 3.098449l 3.098449l 2.735177l 2.147392l 1.559607l 1.196336l 1.196336l 1.559607l 2.147392l 2.735177l 
3.098449l 3.098449l 2.735177l 2.147392l 1.559607l 1.196336l 1.196336l 1.559607l 2.147392l 2.735177l 3.098449l 
3.098449l 2.735177l 2.147392l 1.559607l 1.196336l 1.196336l 1.559607l 2.147392l 2.735177l 3.098449l 3.098449l 
2.735177l 2.147392l 1.559607l 1.196336l 1.196336l 1.559607l 2.147392l 2.735177l 3.098449l 3.098449l 2.735177l 
2.147392l 1.559607l 1.196336l 1.196336l 1.559607l 2.147392l 2.735177l 3.098449l 3.098449l 2.735177l 2.147392l 
1.559607l 1.196336l 1.196336l 1.559607l 2.147392l 2.735177l 3.098449l 3.098449l 2.735177l 2.147392l 1.559607l 
1.196336l 1.196336l 1.559607l 2.147392l 2.735177l 3.098449l 3.098449l 2.735177l 2.147392l 1.559607l 1.196336l 
1.196336l 1.559607l 2.147392l 2.735177l 3.098449l 3.098449l 2.735177l 2.147392l 1.559607l 1.196336l 1.196336l 
1.559607l 2.147392l 2.735177l 3.098449l 3.098449l 2.735177l 2.147392l 1.559607l 1.196336l 1.196336l 1.559607l 
2.147392l 2.735177l 3.098449l 3.098449l 2.735177l 2.147392l 1.559607l 1.196336l 1.196336l 1.559607l 2.147392l 


k = 12
2.302585l 2.890370l 3.253642l 3.253642l 2.890370l 2.302585l 1.714800l 1.351529l 1.351529l 1.714800l 2.302585l 
2.890370l 3.253642l 3.253642l 2.890370l 2.302585l 1.714800l 1.351529l 1.351529l 1.714800l 2.302585l 2.890370l 
3.253642l 3.253642l 2.890370l 2.302585l 1.714800l 1.351529l 1.351529l 1.714800l 2.302585l 2.890370l 3.253642l 
3.253642l 2.890370l 2.302585l 1.714800l 1.351529l 1.351529l 1.714800l 2.302585l 2.890370l 3.253642l 3.253642l 
2.890370l 2.302585l 1.714800l 1.351529l 1.351529l 1.714800l 2.302585l 2.890370l 3.253642l 3.253642l 2.890370l 
2.302585l 1.714800l 1.351529l 1.351529l 1.714800l 2.302585l 2.890370l 3.253642l 3.253642l 2.890370l 2.302585l 
1.714800l 1.351529l 1.351529l 1.714800l 2.302585l 2.890370l 3.253642l 3.253642l 2.890370l 2.302585l 1.714800l 
1.351529l 1.351529l 1.714800l 2.302585l 2.890370l 3.253642l 3.253642l 2.890370l 2.302585l 1.714800l 1.351529l 
1.351529l 1.714800l 2.302585l 2.890370l 3.253642l 3.253642l 2.890370l 2.302585l 1.714800l 1.351529l 1.351529l 
1.714800l 2.302585l 2.890370l 3.253642l 3.253642l 2.890370l 2.302585l 1.714800l 1.351529l 1.351529l 1.714800l 
2.302585l 2.890370l 3.253642l 3.253642l 2.890370l 2.302585l 1.714800l 1.351529l 1.351529l 1.714800l 2.302585l 


k = 13
2.447767l 3.035552l 3.398824l 3.398824l 3.035552l 2.447767l 1.859982l 1.496711l 1.496711l 1.859982l 2.447767l 
3.035552l 3.398824l 3.398824l 3.035552l 2.447767l 1.859982l 1.496711l 1.496711l 1.859982l 2.447767l 3.035552l 
3.398824l 3.398824l 3.035552l 2.447767l 1.859982l 1.496711l 1.496711l 1.859982l 2.447767l 3.035552l 3.398824l 
3.398824l 3.035552l 2.447767l 1.859982l 1.496711l 1.496711l 1.859982l 2.447767l 3.035552l 3.398824l 3.398824l 
3.035552l 2.447767l 1.859982l 1.496711l 1.496711l 1.859982l 2.447767l 3.035552l 3.398824l 3.398824l 3.035552l 
2.447767l 1.859982l 1.496711l 1.496711l 1.859982l 2.447767l 3.035552l 3.398824l 3.398824l 3.035552l 2.447767l 
1.859982l 1.496711l 1.496711l 1.859982l 2.447767l 3.035552l 3.398824l 3.398824l 3.035552l 2.447767l 1.859982l 
1.496711l 1.496711l 1.859982l 2.447767l 3.035552l 3.398824l 3.398824l 3.035552l 2.447767l 1.859982l 1.496711l 
1.496711l 1.859982l 2.447767l 3.035552l 3.398824l 3.398824l 3.035552l 2.447767l 1.859982l 1.496711l 1.496711l 
1.859982l 2.447767l 3.035552l 3.398824l 3.398824l 3.035552l 2.447767l 1.859982l 1.496711l 1.496711l 1.859982l 
2.447767l 3.035552l 3.398824l 3.398824l 3.035552l 2.447767l 1.859982l 1.496711l 1.496711l 1.859982l 2.447767l 


k = 14
2.583998l 3.171783l 3.535054l 3.535054l 3.171783l 2.583998l 1.996212l 1.632941l 1.632941l 1.996212l 2.583998l 
3.171783l 3.535054l 3.535054l 3.171783l 2.583998l 1.996212l 1.632941l 1.632941l 1.996212l 2.583998l 3.171783l 
3.535054l 3.535054l 3.171783l 2.583998l 1.996212l 1.632941l 1.632941l 1.996212l 2.583998l 3.171783l 3.535054l 
3.535054l 3.171783l 2.583998l 1.996212l 1.632941l 1.632941l 1.996212l 2.583998l 3.171783l 3.535054l 3.535054l 
3.171783l 2.583998l 1.996212l 1.632941l 1.632941l 1.996212l 2.583998l 3.171783l 3.535054l 3.535054l 3.171783l 
2.583998l 1.996212l 1.632941l 1.632941l 1.996212l 2.583998l 3.171783l 3.535054l 3.535054l 3.171783l 2.583998l 
1.996212l 1.632941l 1.632941l 1.996212l 2.583998l 3.171783l 3.535054l 3.535054l 3.171783l 2.583998l 1.996212l 
1.632941l 1.632941l 1.996212l 2.583998l 3.171783l 3.535054l 3.535054l 3.171783l 2.583998l 1.996212l 1.632941l 
1.632941l 1.996212l 2.583998l 3.171783l 3.535054l 3.535054l 3.171783l 2.583998l 1.996212l 1.632941l 1.632941l 
1.996212l 2.583998l 3.171783l 3.535054l 3.535054l 3.171783l 2.583998l 1.996212l 1.632941l 1.632941l 1.996212l 
2.583998l 3.171783l 3.535054l 3.535054l 3.171783l 2.583998l 1.996212l 1.632941l 1.632941l 1.996212l 2.583998l 


k = 15
2.712208l 3.299993l 3.663265l 3.663265l 3.299993l 2.712208l 2.124423l 1.761152l 1.761152l 2.124423l 2.712208l 
3.299993l 3.663265l 3.663265l 3.299993l 2.712208l 2.124423l 1.761152l 1.761152l 2.124423l 2.712208l 3.299993l 
3.663265l 3.663265l 3.299993l 2.712208l 2.124423l 1.761152l 1.761152l 2.124423l 2.712208l 3.299993l 3.663265l 
3.663265l 3.299993l 2.712208l 2.124423l 1.761152l 1.761152l 2.124423l 2.712208l 3.299993l 3.663265l 3.663265l 
3.299993l 2.712208l 2.124423l 1.761152l 1.761152l 2.124423l 2.712208l 3.299993l 3.663265l 3.663265l 3.299993l 
2.712208l 2.124423l 1.761152l 1.761152l 2.124423l 2.712208l 3.299993l 3.663265l 3.663265l 3.299993l 2.712208l 
2.124423l 1.761152l 1.761152l 2.124423l 2.712208l 3.299993l 3.663265l 3.663265l 3.299993l 2.712208l 2.124423l 
1.761152l 1.761152l 2.124423l 2.712208l 3.299993l 3.663265l 3.663265l 3.299993l 2.712208l 2.124423l 1.761152l 
1.761152l 2.124423l 2.712208l 3.299993l 3.663265l 3.663265l 3.299993l 2.712208l 2.124423l 1.761152l 1.761152l 
2.124423l 2.712208l 3.299993l 3.663265l 3.663265l 3.299993l 2.712208l 2.124423l 1.761152l 1.761152l 2.124423l 
2.712208l 3.299993l 3.663265l 3.663265l 3.299993l 2.712208l 2.124423l 1.761152l 1.761152l 2.124423l 2.712208l 


k = 16
2.833213l 3.420999l 3.784270l 3.784270l 3.420999l 2.833213l 2.245428l 1.882157l 1.882157l 2.245428l 2.833213l 
3.420999l 3.784270l 3.784270l 3.420999l 2.833213l 2.245428l 1.882157l 1.882157l 2.245428l 2.833213l 3.420999l 
3.784270l 3.784270l 3.420999l 2.833213l 2.245428l 1.882157l 1.882157l 2.245428l 2.833213l 3.420999l 3.784270l 
3.784270l 3.420999l 2.833213l 2.245428l 1.882157l 1.882157l 2.245428l 2.833213l 3.420999l 3.784270l 3.784270l 
3.420999l 2.833213l 2.245428l 1.882157l 1.882157l 2.245428l 2.833213l 3.420999l 3.784270l 3.784270l 3.420999l 
2.833213l 2.245428l 1.882157l 1.882157l 2.245428l 2.833213l 3.420999l 3.784270l 3.784270l 3.420999l 2.833213l 
2.245428l 1.882157l 1.882157l 2.245428l 2.833213l 3.420999l 3.784270l 3.784270l 3.420999l 2.833213l 2.245428l 
1.882157l 1.882157l 2.245428l 2.833213l 3.420999l 3.784270l 3.784270l 3.420999l 2.833213l 2.245428l 1.882157l 
1.882157l 2.245428l 2.833213l 3.420999l 3.784270l 3.784270l 3.420999l 2.833213l 2.245428l 1.882157l 1.882157l 
2.245428l 2.833213l 3.420999l 3.784270l 3.784270l 3.420999l 2.833213l 2.245428l 1.882157l 1.882157l 2.245428l 
2.833213l 3.420999l 3.784270l 3.784270l 3.420999l 2.833213l 2.245428l 1.882157l 1.882157l 2.245428l 2.833213l 


k = 17
2.947723l 3.535508l 3.898780l 3.898780l 3.535508l 2.947723l 2.359938l 1.996667l 1.996667l 2.359938l 2.947723l 
3.535508l 3.898780l 3.898780l 3.535508l 2.947723l 2.359938l 1.996667l 1.996667l 2.359938l 2.947723l 3.535508l 
3.898780l 3.898780l 3.535508l 2.947723l 2.359938l 1.996667l 1.996667l 2.359938l 2.947723l 3.535508l 3.898780l 
3.898780l 3.535508l 2.947723l 2.359938l 1.996667l 1.996667l 2.359938l 2.947723l 3.535508l 3.898780l 3.898780l 
3.535508l 2.947723l 2.359938l 1.996667l 1.996667l 2.359938l 2.947723l 3.535508l 3.898780l 3.898780l 3.535508l 
2.947723l 2.359938l 1.996667l 1.996667l 2.359938l 2.947723l 3.535508l 3.898780l 3.898780l 3.535508l 2.947723l 
2.359938l 1.996667l 1.996667l 2.359938l 2.947723l 3.535508l 3.898780l 3.898780l 3.535508l 2.947723l 2.359938l 
1.996667l 1.996667l 2.359938l 2.947723l 3.535508l 3.898780l 3.898780l 3.535508l 2.947723l 2.359938l 1.996667l 
1.996667l 2.359938l 2.947723l 3.535508l 3.898780l 3.898780l 3.535508l 2.947723l 2.359938l 1.996667l 1.996667l 
2.359938l 2.947723l 3.535508l 3.898780l 3.898780l 3.535508l 2.947723l 2.359938l 1.996667l 1.996667l 2.359938l 
2.947723l 3.535508l 3.898780l 3.898780l 3.535508l 2.947723l 2.359938l 1.996667l 1.996667l 2.359938l 2.947723l 


k = 18
3.056357l 3.644142l 4.007413l 4.007413l 3.644142l 3.056357l 2.468572l 2.105300l 2.105300l 2.468572l 3.056357l 
3.644142l 4.007413l 4.007413l 3.644142l 3.056357l 2.468572l 2.105300l 2.105300l 2.468572l 3.056357l 3.644142l 
4.007413l 4.007413l 3.644142l 3.056357l 2.468572l 2.105300l 2.105300l 2.468572l 3.056357l 3.644142l 4.007413l 
4.007413l 3.644142l 3.056357l 2.468572l 2.105300l 2.105300l 2.468572l 3.056357l 3.644142l 4.007413l 4.007413l 
3.644142l 3.056357l 2.468572l 2.105300l 2.105300l 2.468572l 3.056357l 3.644142l 4.007413l 4.007413l 3.644142l 
3.056357l 2.468572l 2.105300l 2.105300l 2.468572l 3.056357l 3.644142l 4.007413l 4.007413l 3.644142l 3.056357l 
2.468572l 2.105300l 2.105300l 2.468572l 3.056357l 3.644142l 4.007413l 4.007413l 3.644142l 3.056357l 2.468572l 
2.105300l 2.105300l 2.468572l 3.056357l 3.644142l 4.007413l 4.007413l 3.644142l 3.056357l 2.468572l 2.105300l 
2.105300l 2.468572l 3.056357l 3.644142l 4.007413l 4.007413l 3.644142l 3.056357l 2.468572l 2.105300l 2.105300l 
2.468572l 3.056357l 3.644142l 4.007413l 4.007413l 3.644142l 3.056357l 2.468572l 2.105300l 2.105300l 2.468572l 
3.056357l 3.644142l 4.007413l 4.007413l 3.644142l 3.056357l 2.468572l 2.105300l 2.105300l 2.468572l 3.056357l 


k = 19
3.159656l 3.747442l 4.110713l 4.110713l 3.747442l 3.159656l 2.571871l 2.208600l 2.208600l 2.571871l 3.159656l 
3.747442l 4.110713l 4.110713l 3.747442l 3.159656l 2.571871l 2.208600l 2.208600l 2.571871l 3.159656l 3.747442l 
4.110713l 4.110713l 3.747442l 3.159656l 2.571871l 2.208600l 2.208600l 2.571871l 3.159656l 3.747442l 4.110713l 
4.110713l 3.747442l 3.159656l 2.571871l 2.208600l 2.208600l 2.571871l 3.159656l 3.747442l 4.110713l 4.110713l 
3.747442l 3.159656l 2.571871l 2.208600l 2.208600l 2.571871l 3.159656l 3.747442l 4.110713l 4.110713l 3.747442l 
3.159656l 2.571871l 2.208600l 2.208600l 2.571871l 3.159656l 3.747442l 4.110713l 4.110713l 3.747442l 3.159656l 
2.571871l 2.208600l 2.208600l 2.571871l 3.159656l 3.747442l 4.110713l 4.110713l 3.747442l 3.159656l 2.571871l 
2.208600l 2.208600l 2.571871l 3.159656l 3.747442l 4.110713l 4.110713l 3.747442l 3.159656l 2.571871l 2.208600l 
2.208600l 2.571871l 3.159656l 3.747442l 4.110713l 4.110713l 3.747442l 3.159656l 2.571871l 2.208600l 2.208600l 
2.571871l 3.159656l 3.747442l 4.110713l 4.110713l 3.747442l 3.159656l 2.571871l 2.208600l 2.208600l 2.571871l 
3.159656l 3.747442l 4.110713l 4.110713l 3.747442l 3.159656l 2.571871l 2.208600l 2.208600l 2.571871l 3.159656l 


k = 20
3.258097l 3.845882l 4.209153l 4.209153l 3.845882l 3.258097l 2.670311l 2.307040l 2.307040l 2.670311l 3.258097l 
3.845882l 4.209153l 4.209153l 3.845882l 3.258097l 2.670311l 2.307040l 2.307040l 2.670311l 3.258097l 3.845882l 
4.209153l 4.209153l 3.845882l 3.258097l 2.670311l 2.307040l 2.307040l 2.670311l 3.258097l 3.845882l 4.209153l 
4.209153l 3.845882l 3.258097l 2.670311l 2.307040l 2.307040l 2.670311l 3.258097l 3.845882l 4.209153l 4.209153l 
3.845882l 3.258097l 2.670311l 2.307040l 2.307040l 2.670311l 3.258097l 3.845882l 4.209153l 4.209153l 3.845882l 
3.258097l 2.670311l 2.307040l 2.307040l 2.670311l 3.258097l 3.845882l 4.209153l 4.209153l 3.845882l 3.258097l 
2.670311l 2.307040l 2.307040l 2.670311l 3.258097l 3.845882l 4.209153l 4.209153l 3.845882l 3.258097l 2.670311l 
2.307040l 2.307040l 2.670311l 3.258097l 3.845882l 4.209153l 4.209153l 3.845882l 3.258097l 2.670311l 2.307040l 
2.307040l 2.670311l 3.258097l 3.845882l 4.209153l 4.209153l 3.845882l 3.258097l 2.670311l 2.307040l 2.307040l 
2.670311l 3.258097l 3.845882l 4.209153l 4.209153l 3.845882l 3.258097l 2.670311l 2.307040l 2.307040l 2.670311l 
3.258097l 3.845882l 4.209153l 4.209153l 3.845882l 3.258097l 2.670311l 2.307040l 2.307040l 2.670311l 3.258097l 


k = 21
3.352095l 3.939880l 4.303151l 4.303151l 3.939880l 3.352095l 2.764309l 2.401038l 2.401038l 2.764309l 3.352095l 
3.939880l 4.303151l 4.303151l 3.939880l 3.352095l 2.764309l 2.401038l 2.401038l 2.764309l 3.352095l 3.939880l 
4.303151l 4.303151l 3.939880l 3.352095l 2.764309l 2.401038l 2.401038l 2.764309l 3.352095l 3.939880l 4.303151l 
4.303151l 3.939880l 3.352095l 2.764309l 2.401038l 2.401038l 2.764309l 3.352095l 3.939880l 4.303151l 4.303151l 
3.939880l 3.352095l 2.764309l 2.401038l 2.401038l 2.764309l 3.352095l 3.939880l 4.303151l 4.303151l 3.939880l 
3.352095l 2.764309l 2.401038l 2.401038l 2.764309l 3.352095l 3.939880l 4.303151l 4.303151l 3.939880l 3.352095l 
2.764309l 2.401038l 2.401038l 2.764309l 3.352095l 3.939880l 4.303151l 4.303151l 3.939880l 3.352095l 2.764309l 
2.401038l 2.401038l 2.764309l 3.352095l 3.939880l 4.303151l 4.303151l 3.939880l 3.352095l 2.764309l 2.401038l 
2.401038l 2.764309l 3.352095l 3.939880l 4.303151l 4.303151l 3.939880l 3.352095l 2.764309l 2.401038l 2.401038l 
2.764309l 3.352095l 3.939880l 4.303151l 4.303151l 3.939880l 3.352095l 2.764309l 2.401038l 2.401038l 2.764309l 
3.352095l 3.939880l 4.303151l 4.303151l 3.939880l 3.352095l 2.764309l 2.401038l 2.401038l 2.764309l 3.352095l 


k = 22
3.442019l 4.029805l 4.393076l 4.393076l 4.029805l 3.442019l 2.854234l 2.490963l 2.490963l 2.854234l 3.442019l 
4.029805l 4.393076l 4.393076l 4.029805l 3.442019l 2.854234l 2.490963l 2.490963l 2.854234l 3.442019l 4.029805l 
4.393076l 4.393076l 4.029805l 3.442019l 2.854234l 2.490963l 2.490963l 2.854234l 3.442019l 4.029805l 4.393076l 
4.393076l 4.029805l 3.442019l 2.854234l 2.490963l 2.490963l 2.854234l 3.442019l 4.029805l 4.393076l 4.393076l 
4.029805l 3.442019l 2.854234l 2.490963l 2.490963l 2.854234l 3.442019l 4.029805l 4.393076l 4.393076l 4.029805l 
3.442019l 2.854234l 2.490963l 2.490963l 2.854234l 3.442019l 4.029805l 4.393076l 4.393076l 4.029805l 3.442019l 
2.854234l 2.490963l 2.490963l 2.854234l 3.442019l 4.029805l 4.393076l 4.393076l 4.029805l 3.442019l 2.854234l 
2.490963l 2.490963l 2.854234l 3.442019l 4.029805l 4.393076l 4.393076l 4.029805l 3.442019l 2.854234l 2.490963l 
2.490963l 2.854234l 3.442019l 4.029805l 4.393076l 4.393076l 4.029805l 3.442019l 2.854234l 2.490963l 2.490963l 
2.854234l 3.442019l 4.029805l 4.393076l 4.393076l 4.029805l 3.442019l 2.854234l 2.490963l 2.490963l 2.854234l 
3.442019l 4.029805l 4.393076l 4.393076l 4.029805l 3.442019l 2.854234l 2.490963l 2.490963l 2.854234l 3.442019l 


k = 23
3.528197l 4.115982l 4.479254l 4.479254l 4.115982l 3.528197l 2.940412l 2.577141l 2.577141l 2.940412l 3.528197l 
4.115982l 4.479254l 4.479254l 4.115982l 3.528197l 2.940412l 2.577141l 2.577141l 2.940412l 3.528197l 4.115982l 
4.479254l 4.479254l 4.115982l 3.528197l 2.940412l 2.577141l 2.577141l 2.940412l 3.528197l 4.115982l 4.479254l 
4.479254l 4.115982l 3.528197l 2.940412l 2.577141l 2.577141l 2.940412l 3.528197l 4.115982l 4.479254l 4.479254l 
4.115982l 3.528197l 2.940412l 2.577141l 2.577141l 2.940412l 3.528197l 4.115982l 4.479254l 4.479254l 4.115982l 
3.528197l 2.940412l 2.577141l 2.577141l 2.940412l 3.528197l 4.115982l 4.479254l 4.479254l 4.115982l 3.528197l 
2.940412l 2.577141l 2.577141l 2.940412l 3.528197l 4.115982l 4.479254l 4.479254l 4.115982l 3.528197l 2.940412l 
2.577141l 2.577141l 2.940412l 3.528197l 4.115982l 4.479254l 4.479254l 4.115982l 3.528197l 2.940412l 2.577141l 
2.577141l 2.940412l 3.528197l 4.115982l 4.479254l 4.479254l 4.115982l 3.528197l 2.940412l 2.577141l 2.577141l 
2.940412l 3.528197l 4.115982l 4.479254l 4.479254l 4.115982l 3.528197l 2.940412l 2.577141l 2.577141l 2.940412l 
3.528197l 4.115982l 4.479254l 4.479254l 4.115982l 3.528197l 2.940412l 2.577141l 2.577141l 2.940412l 3.528197l 


k = 24
3.610918l 4.198703l 4.561974l 4.561974l 4.198703l 3.610918l 3.023133l 2.659861l 2.659861l 3.023133l 3.610918l 
4.198703l 4.561974l 4.561974l 4.198703l 3.610918l 3.023133l 2.659861l 2.659861l 3.023133l 3.610918l 4.198703l 
4.561974l 4.561974l 4.198703l 3.610918l 3.023133l 2.659861l 2.659861l 3.023133l 3.610918l 4.198703l 4.561974l 
4.561974l 4.198703l 3.610918l 3.023133l 2.659861l 2.659861l 3.023133l 3.610918l 4.198703l 4.561974l 4.561974l 
4.198703l 3.610918l 3.023133l 2.659861l 2.659861l 3.023133l 3.610918l 4.198703l 4.561974l 4.561974l 4.198703l 
3.610918l 3.023133l 2.659861l 2.659861l 3.023133l 3.610918l 4.198703l 4.561974l 4.561974l 4.198703l 3.610918l 
3.023133l 2.659861l 2.659861l 3.023133l 3.610918l 4.198703l 4.561974l 4.561974l 4.198703l 3.610918l 3.023133l 
2.659861l 2.659861l 3.023133l 3.610918l 4.198703l 4.561974l 4.561974l 4.198703l 3.610918l 3.023133l 2.659861l 
2.659861l 3.023133l 3.610918l 4.198703l 4.561974l 4.561974l 4.198703l 3.610918l 3.023133l 2.659861l 2.659861l 
3.023133l 3.610918l 4.198703l 4.561974l 4.561974l 4.198703l 3.610918l 3.023133l 2.659861l 2.659861l 3.023133l 
3.610918l 4.198703l 4.561974l 4.561974l 4.198703l 3.610918l 3.023133l 2.659861l 2.659861l 3.023133l 3.610918l 


k = 25
3.690441l 4.278226l 4.641497l 4.641497l 4.278226l 3.690441l 3.102655l 2.739384l 2.739384l 3.102655l 3.690441l 
4.278226l 4.641497l 4.641497l 4.278226l 3.690441l 3.102655l 2.739384l 2.739384l 3.102655l 3.690441l 4.278226l 
4.641497l 4.641497l 4.278226l 3.690441l 3.102655l 2.739384l 2.739384l 3.102655l 3.690441l 4.278226l 4.641497l 
4.641497l 4.278226l 3.690441l 3.102655l 2.739384l 2.739384l 3.102655l 3.690441l 4.278226l 4.641497l 4.641497l 
4.278226l 3.690441l 3.102655l 2.739384l 2.739384l 3.102655l 3.690441l 4.278226l 4.641497l 4.641497l 4.278226l 
3.690441l 3.102655l 2.739384l 2.739384l 3.102655l 3.690441l 4.278226l 4.641497l 4.641497l 4.278226l 3.690441l 
3.102655l 2.739384l 2.739384l 3.102655l 3.690441l 4.278226l 4.641497l 4.641497l 4.278226l 3.690441l 3.102655l 
2.739384l 2.739384l 3.102655l 3.690441l 4.278226l 4.641497l 4.641497l 4.278226l 3.690441l 3.102655l 2.739384l 
2.739384l 3.102655l 3.690441l 4.278226l 4.641497l 4.641497l 4.278226l 3.690441l 3.102655l 2.739384l 2.739384l 
3.102655l 3.690441l 4.278226l 4.641497l 4.641497l 4.278226l 3.690441l 3.102655l 2.739384l 2.739384l 3.102655l 
3.690441l 4.278226l 4.641497l 4.641497l 4.278226l 3.690441l 3.102655l 2.739384l 2.739384l 3.102655l 3.690441l 


k = 26
3.766997l 4.354782l 4.718054l 4.718054l 4.354782l 3.766997l 3.179212l 2.815941l 2.815941l 3.179212l 3.766997l 
4.354782l 4.718054l 4.718054l 4.354782l 3.766997l 3.179212l 2.815941l 2.815941l 3.179212l 3.766997l 4.354782l 
4.718054l 4.718054l 4.354782l 3.766997l 3.179212l 2.815941l 2.815941l 3.179212l 3.766997l 4.354782l 4.718054l 
4.718054l 4.354782l 3.766997l 3.179212l 2.815941l 2.815941l 3.179212l 3.766997l 4.354782l 4.718054l 4.718054l 
4.354782l 3.766997l 3.179212l 2.815941l 2.815941l 3.179212l 3.766997l 4.354782l 4.718054l 4.718054l 4.354782l 
3.766997l 3.179212l 2.815941l 2.815941l 3.179212l 3.766997l 4.354782l 4.718054l 4.718054l 4.354782l 3.766997l 
3.179212l 2.815941l 2.815941l 3.179212l 3.766997l 4.354782l 4.718054l 4.718054l 4.354782l 3.766997l 3.179212l 
2.815941l 2.815941l 3.179212l 3.766997l 4.354782l 4.718054l 4.718054l 4.354782l 3.766997l 3.179212l 2.815941l 
2.815941l 3.179212l 3.766997l 4.354782l 4.718054l 4.718054l 4.354782l 3.766997l 3.179212l 2.815941l 2.815941l 
3.179212l 3.766997l 4.354782l 4.718054l 4.718054l 4.354782l 3.766997l 3.179212l 2.815941l 2.815941l 3.179212l 
3.766997l 4.354782l 4.718054l 4.718054l 4.354782l 3.766997l 3.179212l 2.815941l 2.815941l 3.179212l 3.766997l 


k = 27
3.840795l 4.428581l 4.791852l 4.791852l 4.428581l 3.840795l 3.253010l 2.889739l 2.889739l 3.253010l 3.840795l 
4.428581l 4.791852l 4.791852l 4.428581l 3.840795l 3.253010l 2.889739l 2.889739l 3.253010l 3.840795l 4.428581l 
4.791852l 4.791852l 4.428581l 3.840795l 3.253010l 2.889739l 2.889739l 3.253010l 3.840795l 4.428581l 4.791852l 
4.791852l 4.428581l 3.840795l 3.253010l 2.889739l 2.889739l 3.253010l 3.840795l 4.428581l 4.791852l 4.791852l 
4.428581l 3.840795l 3.253010l 2.889739l 2.889739l 3.253010l 3.840795l 4.428581l 4.791852l 4.791852l 4.428581l 
3.840795l 3.253010l 2.889739l 2.889739l 3.253010l 3.840795l 4.428581l 4.791852l 4.791852l 4.428581l 3.840795l 
3.253010l 2.889739l 2.889739l 3.253010l 3.840795l 4.428581l 4.791852l 4.791852l 4.428581l 3.840795l 3.253010l 
2.889739l 2.889739l 3.253010l 3.840795l 4.428581l 4.791852l 4.791852l 4.428581l 3.840795l 3.253010l 2.889739l 
2.889739l 3.253010l 3.840795l 4.428581l 4.791852l 4.791852l 4.428581l 3.840795l 3.253010l 2.889739l 2.889739l 
3.253010l 3.840795l 4.428581l 4.791852l 4.791852l 4.428581l 3.840795l 3.253010l 2.889739l 2.889739l 3.253010l 
3.840795l 4.428581l 4.791852l 4.791852l 4.428581l 3.840795l 3.253010l 2.889739l 2.889739l 3.253010l 3.840795l 


k = 28
3.912023l 4.499808l 4.863080l 4.863080l 4.499808l 3.912023l 3.324238l 2.960966l 2.960966l 3.324238l 3.912023l 
4.499808l 4.863080l 4.863080l 4.499808l 3.912023l 3.324238l 2.960966l 2.960966l 3.324238l 3.912023l 4.499808l 
4.863080l 4.863080l 4.499808l 3.912023l 3.324238l 2.960966l 2.960966l 3.324238l 3.912023l 4.499808l 4.863080l 
4.863080l 4.499808l 3.912023l 3.324238l 2.960966l 2.960966l 3.324238l 3.912023l 4.499808l 4.863080l 4.863080l 
4.499808l 3.912023l 3.324238l 2.960966l 2.960966l 3.324238l 3.912023l 4.499808l 4.863080l 4.863080l 4.499808l 
3.912023l 3.324238l 2.960966l 2.960966l 3.324238l 3.912023l 4.499808l 4.863080l 4.863080l 4.499808l 3.912023l 
3.324238l 2.960966l 2.960966l 3.324238l 3.912023l 4.499808l 4.863080l 4.863080l 4.499808l 3.912023l 3.324238l 
2.960966l 2.960966l 3.324238l 3.912023l 4.499808l 4.863080l 4.863080l 4.499808l 3.912023l 3.324238l 2.960966l 
2.960966l 3.324238l 3.912023l 4.499808l 4.863080l 4.863080l 4.499808l 3.912023l 3.324238l 2.960966l 2.960966l 
3.324238l 3.912023l 4.499808l 4.863080l 4.863080l 4.499808l 3.912023l 3.324238l 2.960966l 2.960966l 3.324238l 
3.912023l 4.499808l 4.863080l 4.863080l 4.499808l 3.912023l 3.324238l 2.960966l 2.960966l 3.324238l 3.912023l 


k = 29
3.980849l 4.568634l 4.931906l 4.931906l 4.568634l 3.980849l 3.393064l 3.029793l 3.029793l 3.393064l 3.980849l 
4.568634l 4.931906l 4.931906l 4.568634l 3.980849l 3.393064l 3.029793l 3.029793l 3.393064l 3.980849l 4.568634l 
4.931906l 4.931906l 4.568634l 3.980849l 3.393064l 3.029793l 3.029793l 3.393064l 3.980849l 4.568634l 4.931906l 
4.931906l 4.568634l 3.980849l 3.393064l 3.029793l 3.029793l 3.393064l 3.980849l 4.568634l 4.931906l 4.931906l 
4.568634l 3.980849l 3.393064l 3.029793l 3.029793l 3.393064l 3.980849l 4.568634l 4.931906l 4.931906l 4.568634l 
3.980849l 3.393064l 3.029793l 3.029793l 3.393064l 3.980849l 4.568634l 4.931906l 4.931906l 4.568634l 3.980849l 
3.393064l 3.029793l 3.029793l 3.393064l 3.980849l 4.568634l 4.931906l 4.931906l 4.568634l 3.980849l 3.393064l 
3.029793l 3.029793l 3.393064l 3.980849l 4.568634l 4.931906l 4.931906l 4.568634l 3.980849l 3.393064l 3.029793l 
3.029793l 3.393064l 3.980849l 4.568634l 4.931906l 4.931906l 4.568634l 3.980849l 3.393064l 3.029793l 3.029793l 
3.393064l 3.980849l 4.568634l 4.931906l 4.931906l 4.568634l 3.980849l 3.393064l 3.029793l 3.029793l 3.393064l 
3.980849l 4.568634l 4.931906l 4.931906l 4.568634l 3.980849l 3.393064l 3.029793l 3.029793l 3.393064l 3.980849l 


k = 30
4.047428l 4.635213l 4.998484l 4.998484l 4.635213l 4.047428l 3.459642l 3.096371l 3.096371l 3.459642l 4.047428l 
4.635213l 4.998484l 4.998484l 4.635213l 4.047428l 3.459642l 3.096371l 3.096371l 3.459642l 4.047428l 4.635213l 
4.998484l 4.998484l 4.635213l 4.047428l 3.459642l 3.096371l 3.096371l 3.459642l 4.047428l 4.635213l 4.998484l 
4.998484l 4.635213l 4.047428l 3.459642l 3.096371l 3.096371l 3.459642l 4.047428l 4.635213l 4.998484l 4.998484l 
4.635213l 4.047428l 3.459642l 3.096371l 3.096371l 3.459642l 4.047428l 4.635213l 4.998484l 4.998484l 4.635213l 
4.047428l 3.459642l 3.096371l 3.096371l 3.459642l 4.047428l 4.635213l 4.998484l 4.998484l 4.635213l 4.047428l 
3.459642l 3.096371l 3.096371l 3.459642l 4.047428l 4.635213l 4.998484l 4.998484l 4.635213l 4.047428l 3.459642l 
3.096371l 3.096371l 3.459642l 4.047428l 4.635213l 4.998484l 4.998484l 4.635213l 4.047428l 3.459642l 3.096371l 
3.096371l 3.459642l 4.047428l 4.635213l 4.998484l 4.998484l 4.635213l 4.047428l 3.459642l 3.096371l 3.096371l 
3.459642l 4.047428l 4.635213l 4.998484l 4.998484l 4.635213l 4.047428l 3.459642l 3.096371l 3.096371l 3.459642l 
4.047428l 4.635213l 4.998484l 4.998484l 4.635213l 4.047428l 3.459642l 3.096371l 3.096371l 3.459642l 4.047428l 


k = 31
4.111898l 4.699683l 5.062954l 5.062954l 4.699683l 4.111898l 3.524113l 3.160841l 3.160841l 3.524113l 4.111898l 
4.699683l 5.062954l 5.062954l 4.699683l 4.111898l 3.524113l 3.160841l 3.160841l 3.524113l 4.111898l 4.699683l 
5.062954l 5.062954l 4.699683l 4.111898l 3.524113l 3.160841l 3.160841l 3.524113l 4.111898l 4.699683l 5.062954l 
5.062954l 4.699683l 4.111898l 3.524113l 3.160841l 3.160841l 3.524113l 4.111898l 4.699683l 5.062954l 5.062954l 
4.699683l 4.111898l 3.524113l 3.160841l 3.160841l 3.524113l 4.111898l 4.699683l 5.062954l 5.062954l 4.699683l 
4.111898l 3.524113l 3.160841l 3.160841l 3.524113l 4.111898l 4.699683l 5.062954l 5.062954l 4.699683l 4.111898l 
3.524113l 3.160841l 3.160841l 3.524113l 4.111898l 4.699683l 5.062954l 5.062954l 4.699683l 4.111898l 3.524113l 
3.160841l 3.160841l 3.524113l 4.111898l 4.699683l 5.062954l 5.062954l 4.699683l 4.111898l 3.524113l 3.160841l 
3.160841l 3.524113l 4.111898l 4.699683l 5.062954l 5.062954l 4.699683l 4.111898l 3.524113l 3.160841l 3.160841l 
3.524113l 4.111898l 4.699683l 5.062954l 5.062954l 4.699683l 4.111898l 3.524113l 3.160841l 3.160841l 3.524113l 
4.111898l 4.699683l 5.062954l 5.062954l 4.699683l 4.111898l 3.524113l 3.160841l 3.160841l 3.524113l 4.111898l 


k = 32
4.174387l 4.762173l 5.125444l 5.125444l 4.762173l 4.174387l 3.586602l 3.223331l 3.223331l 3.586602l 4.174387l 
4.762173l 5.125444l 5.125444l 4.762173l 4.174387l 3.586602l 3.223331l 3.223331l 3.586602l 4.174387l 4.762173l 
5.125444l 5.125444l 4.762173l 4.174387l 3.586602l 3.223331l 3.223331l 3.586602l 4.174387l 4.762173l 5.125444l 
5.125444l 4.762173l 4.174387l 3.586602l 3.223331l 3.223331l 3.586602l 4.174387l 4.762173l 5.125444l 5.125444l 
4.762173l 4.174387l 3.586602l 3.223331l 3.223331l 3.586602l 4.174387l 4.762173l 5.125444l 5.125444l 4.762173l 
4.174387l 3.586602l 3.223331l 3.223331l 3.586602l 4.174387l 4.762173l 5.125444l 5.125444l 4.762173l 4.174387l 
3.586602l 3.223331l 3.223331l 3.586602l 4.174387l 4.762173l 5.125444l 5.125444l 4.762173l 4.174387l 3.586602l 
3.223331l 3.223331l 3.586602l 4.174387l 4.762173l 5.125444l 5.125444l 4.762173l 4.174387l 3.586602l 3.223331l 
3.223331l 3.586602l 4.174387l 4.762173l 5.125444l 5.125444l 4.762173l 4.174387l 3.586602l 3.223331l 3.223331l 
3.586602l 4.174387l 4.762173l 5.125444l 5.125444l 4.762173l 4.174387l 3.586602l 3.223331l 3.223331l 3.586602l 
4.174387l 4.762173l 5.125444l 5.125444l 4.762173l 4.174387l 3.586602l 3.223331l 3.223331l 3.586602l 4.174387l 


k = 33
4.235012l 4.822797l 5.186068l 5.186068l 4.822797l 4.235012l 3.647227l 3.283955l 3.283955l 3.647227l 4.235012l 
4.822797l 5.186068l 5.186068l 4.822797l 4.235012l 3.647227l 3.283955l 3.283955l 3.647227l 4.235012l 4.822797l 
5.186068l 5.186068l 4.822797l 4.235012l 3.647227l 3.283955l 3.283955l 3.647227l 4.235012l 4.822797l 5.186068l 
5.186068l 4.822797l 4.235012l 3.647227l 3.283955l 3.283955l 3.647227l 4.235012l 4.822797l 5.186068l 5.186068l 
4.822797l 4.235012l 3.647227l 3.283955l 3.283955l 3.647227l 4.235012l 4.822797l 5.186068l 5.186068l 4.822797l 
4.235012l 3.647227l 3.283955l 3.283955l 3.647227l 4.235012l 4.822797l 5.186068l 5.186068l 4.822797l 4.235012l 
3.647227l 3.283955l 3.283955l 3.647227l 4.235012l 4.822797l 5.186068l 5.186068l 4.822797l 4.235012l 3.647227l 
3.283955l 3.283955l 3.647227l 4.235012l 4.822797l 5.186068l 5.186068l 4.822797l 4.235012l 3.647227l 3.283955l 
3.283955l 3.647227l 4.235012l 4.822797l 5.186068l 5.186068l 4.822797l 4.235012l 3.647227l 3.283955l 3.283955l 
3.647227l 4.235012l 4.822797l 5.186068l 5.186068l 4.822797l 4.235012l 3.647227l 3.283955l 3.283955l 3.647227l 
4.235012l 4.822797l 5.186068l 5.186068l 4.822797l 4.235012l 3.647227l 3.283955l 3.283955l 3.647227l 4.235012l 


k = 34
4.293878l 4.881664l 5.244935l 5.244935l 4.881664l 4.293878l 3.706093l 3.342822l 3.342822l 3.706093l 4.293878l 
4.881664l 5.244935l 5.244935l 4.881664l 4.293878l 3.706093l 3.342822l 3.342822l 3.706093l 4.293878l 4.881664l 
5.244935l 5.244935l 4.881664l 4.293878l 3.706093l 3.342822l 3.342822l 3.706093l 4.293878l 4.881664l 5.244935l 
5.244935l 4.881664l 4.293878l 3.706093l 3.342822l 3.342822l 3.706093l 4.293878l 4.881664l 5.244935l 5.244935l 
4.881664l 4.293878l 3.706093l 3.342822l 3.342822l 3.706093l 4.293878l 4.881664l 5.244935l 5.244935l 4.881664l 
4.293878l 3.706093l 3.342822l 3.342822l 3.706093l 4.293878l 4.881664l 5.244935l 5.244935l 4.881664l 4.293878l 
3.706093l 3.342822l 3.342822l 3.706093l 4.293878l 4.881664l 5.244935l 5.244935l 4.881664l 4.293878l 3.706093l 
3.342822l 3.342822l 3.706093l 4.293878l 4.881664l 5.244935l 5.244935l 4.881664l 4.293878l 3.706093l 3.342822l 
3.342822l 3.706093l 4.293878l 4.881664l 5.244935l 5.244935l 4.881664l 4.293878l 3.706093l 3.342822l 3.342822l 
3.706093l 4.293878l 4.881664l 5.244935l 5.244935l 4.881664l 4.293878l 3.706093l 3.342822l 3.342822l 3.706093l 
4.293878l 4.881664l 5.244935l 5.244935l 4.881664l 4.293878l 3.706093l 3.342822l 3.342822l 3.706093l 4.293878l 


k = 35
4.351084l 4.938869l 5.302141l 5.302141l 4.938869l 4.351084l 3.763299l 3.400028l 3.400028l 3.763299l 4.351084l 
4.938869l 5.302141l 5.302141l 4.938869l 4.351084l 3.763299l 3.400028l 3.400028l 3.763299l 4.351084l 4.938869l 
5.302141l 5.302141l 4.938869l 4.351084l 3.763299l 3.400028l 3.400028l 3.763299l 4.351084l 4.938869l 5.302141l 
5.302141l 4.938869l 4.351084l 3.763299l 3.400028l 3.400028l 3.763299l 4.351084l 4.938869l 5.302141l 5.302141l 
4.938869l 4.351084l 3.763299l 3.400028l 3.400028l 3.763299l 4.351084l 4.938869l 5.302141l 5.302141l 4.938869l 
4.351084l 3.763299l 3.400028l 3.400028l 3.763299l 4.351084l 4.938869l 5.302141l 5.302141l 4.938869l 4.351084l 
3.763299l 3.400028l 3.400028l 3.763299l 4.351084l 4.938869l 5.302141l 5.302141l 4.938869l 4.351084l 3.763299l 
3.400028l 3.400028l 3.763299l 4.351084l 4.938869l 5.302141l 5.302141l 4.938869l 4.351084l 3.763299l 3.400028l 
3.400028l 3.763299l 4.351084l 4.938869l 5.302141l 5.302141l 4.938869l 4.351084l 3.763299l 3.400028l 3.400028l 
3.763299l 4.351084l 4.938869l 5.302141l 5.302141l 4.938869l 4.351084l 3.763299l 3.400028l 3.400028l 3.763299l 
4.351084l 4.938869l 5.302141l 5.302141l 4.938869l 4.351084l 3.763299l 3.400028l 3.400028l 3.763299l 4.351084l 


k = 36
4.406719l 4.994504l 5.357776l 5.357776l 4.994504l 4.406719l 3.818934l 3.455663l 3.455663l 3.818934l 4.406719l 
4.994504l 5.357776l 5.357776l 4.994504l 4.406719l 3.818934l 3.455663l 3.455663l 3.818934l 4.406719l 4.994504l 
5.357776l 5.357776l 4.994504l 4.406719l 3.818934l 3.455663l 3.455663l 3.818934l 4.406719l 4.994504l 5.357776l 
5.357776l 4.994504l 4.406719l 3.818934l 3.455663l 3.455663l 3.818934l 4.406719l 4.994504l 5.357776l 5.357776l 
4.994504l 4.406719l 3.818934l 3.455663l 3.455663l 3.818934l 4.406719l 4.994504l 5.357776l 5.357776l 4.994504l 
4.406719l 3.818934l 3.455663l 3.455663l 3.818934l 4.406719l 4.994504l 5.357776l 5.357776l 4.994504l 4.406719l 
3.818934l 3.455663l 3.455663l 3.818934l 4.406719l 4.994504l 5.357776l 5.357776l 4.994504l 4.406719l 3.818934l 
3.455663l 3.455663l 3.818934l 4.406719l 4.994504l 5.357776l 5.357776l 4.994504l 4.406719l 3.818934l 3.455663l 
3.455663l 3.818934l 4.406719l 4.994504l 5.357776l 5.357776l 4.994504l 4.406719l 3.818934l 3.455663l 3.455663l 
3.818934l 4.406719l 4.994504l 5.357776l 5.357776l 4.994504l 4.406719l 3.818934l 3.455663l 3.455663l 3.818934l 
4.406719l 4.994504l 5.357776l 5.357776l 4.994504l 4.406719l 3.818934l 3.455663l 3.455663l 3.818934l 4.406719l 


k = 37
4.460867l 5.048652l 5.411923l 5.411923l 5.048652l 4.460867l 3.873081l 3.509810l 3.509810l 3.873081l 4.460867l 
5.048652l 5.411923l 5.411923l 5.048652l 4.460867l 3.873081l 3.509810l 3.509810l 3.873081l 4.460867l 5.048652l 
5.411923l 5.411923l 5.048652l 4.460867l 3.873081l 3.509810l 3.509810l 3.873081l 4.460867l 5.048652l 5.411923l 
5.411923l 5.048652l 4.460867l 3.873081l 3.509810l 3.509810l 3.873081l 4.460867l 5.048652l 5.411923l 5.411923l 
5.048652l 4.460867l 3.873081l 3.509810l 3.509810l 3.873081l 4.460867l 5.048652l 5.411923l 5.411923l 5.048652l 
4.460867l 3.873081l 3.509810l 3.509810l 3.873081l 4.460867l 5.048652l 5.411923l 5.411923l 5.048652l 4.460867l 
3.873081l 3.509810l 3.509810l 3.873081l 4.460867l 5.048652l 5.411923l 5.411923l 5.048652l 4.460867l 3.873081l 
3.509810l 3.509810l 3.873081l 4.460867l 5.048652l 5.411923l 5.411923l 5.048652l 4.460867l 3.873081l 3.509810l 
3.509810l 3.873081l 4.460867l 5.048652l 5.411923l 5.411923l 5.048652l 4.460867l 3.873081l 3.509810l 3.509810l 
3.873081l 4.460867l 5.048652l 5.411923l 5.411923l 5.048652l 4.460867l 3.873081l 3.509810l 3.509810l 3.873081l 
4.460867l 5.048652l 5.411923l 5.411923l 5.048652l 4.460867l 3.873081l 3.509810l 3.509810l 3.873081l 4.460867l 


k = 38
4.513603l 5.101388l 5.464660l 5.464660l 5.101388l 4.513603l 3.925818l 3.562546l 3.562546l 3.925818l 4.513603l 
5.101388l 5.464660l 5.464660l 5.101388l 4.513603l 3.925818l 3.562546l 3.562546l 3.925818l 4.513603l 5.101388l 
5.464660l 5.464660l 5.101388l 4.513603l 3.925818l 3.562546l 3.562546l 3.925818l 4.513603l 5.101388l 5.464660l 
5.464660l 5.101388l 4.513603l 3.925818l 3.562546l 3.562546l 3.925818l 4.513603l 5.101388l 5.464660l 5.464660l 
5.101388l 4.513603l 3.925818l 3.562546l 3.562546l 3.925818l 4.513603l 5.101388l 5.464660l 5.464660l 5.101388l 
4.513603l 3.925818l 3.562546l 3.562546l 3.925818l 4.513603l 5.101388l 5.464660l 5.464660l 5.101388l 4.513603l 
3.925818l 3.562546l 3.562546l 3.925818l 4.513603l 5.101388l 5.464660l 5.464660l 5.101388l 4.513603l 3.925818l 
3.562546l 3.562546l 3.925818l 4.513603l 5.101388l 5.464660l 5.464660l 5.101388l 4.513603l 3.925818l 3.562546l 
3.562546l 3.925818l 4.513603l 5.101388l 5.464660l 5.464660l 5.101388l 4.513603l 3.925818l 3.562546l 3.562546l 
3.925818l 4.513603l 5.101388l 5.464660l 5.464660l 5.101388l 4.513603l 3.925818l 3.562546l 3.562546l 3.925818l 
4.513603l 5.101388l 5.464660l 5.464660l 5.101388l 4.513603l 3.925818l 3.562546l 3.562546l 3.925818l 4.513603l 


k = 39
4.564999l 5.152784l 5.516056l 5.516056l 5.152784l 4.564999l 3.977214l 3.613943l 3.613943l 3.977214l 4.564999l 
5.152784l 5.516056l 5.516056l 5.152784l 4.564999l 3.977214l 3.613943l 3.613943l 3.977214l 4.564999l 5.152784l 
5.516056l 5.516056l 5.152784l 4.564999l 3.977214l 3.613943l 3.613943l 3.977214l 4.564999l 5.152784l 5.516056l 
5.516056l 5.152784l 4.564999l 3.977214l 3.613943l 3.613943l 3.977214l 4.564999l 5.152784l 5.516056l 5.516056l 
5.152784l 4.564999l 3.977214l 3.613943l 3.613943l 3.977214l 4.564999l 5.152784l 5.516056l 5.516056l 5.152784l 
4.564999l 3.977214l 3.613943l 3.613943l 3.977214l 4.564999l 5.152784l 5.516056l 5.516056l 5.152784l 4.564999l 
3.977214l 3.613943l 3.613943l 3.977214l 4.564999l 5.152784l 5.516056l 5.516056l 5.152784l 4.564999l 3.977214l 
3.613943l 3.613943l 3.977214l 4.564999l 5.152784l 5.516056l 5.516056l 5.152784l 4.564999l 3.977214l 3.613943l 
3.613943l 3.977214l 4.564999l 5.152784l 5.516056l 5.516056l 5.152784l 4.564999l 3.977214l 3.613943l 3.613943l 
3.977214l 4.564999l 5.152784l 5.516056l 5.516056l 5.152784l 4.564999l 3.977214l 3.613943l 3.613943l 3.977214l 
4.564999l 5.152784l 5.516056l 5.516056l 5.152784l 4.564999l 3.977214l 3.613943l 3.613943l 3.977214l 4.564999l 


actual
k = 0
0.000000l 0.587785l 0.951057l 0.951057l 0.587785l 0.000000l -0.587785l -0.951057l -0.951057l -0.587785l 0.000000l 
0.587785l 0.951057l 0.951057l 0.587785l 0.000000l -0.587785l -0.951057l -0.951057l -0.587785l -0.000000l 0.587785l 
0.951057l 0.951057l 0.587785l 0.000000l -0.587785l -0.951057l -0.951057l -0.587785l -0.000000l 0.587785l 0.951057l 
0.951057l 0.587785l 0.000000l -0.587785l -0.951057l -0.951057l -0.587785l -0.000000l 0.587785l 0.951057l 0.951057l 
0.587785l 0.000000l -0.587785l -0.951057l -0.951057l -0.587785l -0.000000l 0.587785l 0.951057l 0.951057l 0.587785l 
0.000000l -0.587785l -0.951057l -0.951057l -0.587785l -0.000000l 0.587785l 0.951057l 0.951057l 0.587785l 0.000000l 
-0.587785l -0.951057l -0.951057l -0.587785l -0.000000l 0.587785l 0.951057l 0.951057l 0.587785l 0.000000l -0.587785l 
-0.951057l -0.951057l -0.587785l -0.000000l 0.587785l 0.951057l 0.951057l 0.587785l 0.000000l -0.587785l -0.951057l 
-0.951057l -0.587785l -0.000000l 0.587785l 0.951057l 0.951057l 0.587785l 0.000000l -0.587785l -0.951057l -0.951057l 
-0.587785l -0.000000l 0.587785l 0.951057l 0.951057l 0.587785l 0.000000l -0.587785l -0.951057l -0.951057l -0.587785l 
-0.000000l 0.587785l 0.951057l 0.951057l 0.587785l 0.000000l -0.587785l -0.951057l -0.951057l -0.587785l -0.000000l 


k = 1
0.060625l 0.648410l 1.011681l 1.011681l 0.648410l 0.060625l -0.527161l -0.890432l -0.890432l -0.527161l 0.060625l 
0.648410l -nanl -nanl -nanl -nanl -nanl -nanl -nanl -nanl -nanl 0.648410l 
1.011681l -nanl -nanl -nanl -nanl -nanl -nanl -nanl -nanl -nanl 1.011681l 
1.011681l -nanl -nanl -nanl -nanl -nanl -nanl -nanl -nanl -nanl 1.011681l 
0.648410l -nanl -nanl -nanl -nanl -nanl -nanl -nanl -nanl -nanl 0.648410l 
0.060625l -nanl -nanl -nanl -nanl -nanl -nanl -nanl -nanl -nanl 0.060625l 
-0.527161l -nanl -nanl -nanl -nanl -nanl -nanl -nanl -nanl -nanl -0.527161l 
-0.890432l -nanl -nanl -nanl -nanl -nanl -nanl -nanl -nanl -nanl -0.890432l 
-0.890432l -nanl -nanl -nanl -nanl -nanl -nanl -nanl -nanl -nanl -0.890432l 
-0.527161l -nanl -nanl -nanl -nanl -nanl -nanl -nanl -nanl -nanl -0.527161l 
0.060625l 0.648410l 1.011681l 1.011681l 0.648410l 0.060625l -0.527161l -0.890432l -0.890432l -0.527161l 0.060625l 


k = 2
0.223144l 0.810929l 1.174200l 1.174200l 0.810929l 0.223144l -0.364642l -0.727913l -0.727913l -0.364642l 0.223144l 
0.810929l -nanl -nanl -nanl -nanl -nanl -nanl -nanl -nanl -nanl 0.810929l 
1.174200l -nanl -nanl -nanl -nanl -nanl -nanl -nanl -nanl -nanl 1.174200l 
1.174200l -nanl -nanl -nanl -nanl -nanl -nanl -nanl -nanl -nanl 1.174200l 
0.810929l -nanl -nanl -nanl -nanl -nanl -nanl -nanl -nanl -nanl 0.810929l 
0.223144l -nanl -nanl -nanl -nanl -nanl -nanl -nanl -nanl -nanl 0.223144l 
-0.364642l -nanl -nanl -nanl -nanl -nanl -nanl -nanl -nanl -nanl -0.364642l 
-0.727913l -nanl -nanl -nanl -nanl -nanl -nanl -nanl -nanl -nanl -0.727913l 
-0.727913l -nanl -nanl -nanl -nanl -nanl -nanl -nanl -nanl -nanl -0.727913l 
-0.364642l -nanl -nanl -nanl -nanl -nanl -nanl -nanl -nanl -nanl -0.364642l 
0.223144l 0.810929l 1.174200l 1.174200l 0.810929l 0.223144l -0.364642l -0.727913l -0.727913l -0.364642l 0.223144l 


k = 3
0.446287l 1.034072l 1.397344l 1.397344l 1.034072l 0.446287l -0.141498l -0.504769l -0.504769l -0.141498l 0.446287l 
1.034072l -nanl -nanl -nanl -nanl -nanl -nanl -nanl -nanl -nanl 1.034072l 
1.397344l -nanl -nanl -nanl -nanl -nanl -nanl -nanl -nanl -nanl 1.397344l 
1.397344l -nanl -nanl -nanl -nanl -nanl -nanl -nanl -nanl -nanl 1.397344l 
1.034072l -nanl -nanl -nanl -nanl -nanl -nanl -nanl -nanl -nanl 1.034072l 
0.446287l -nanl -nanl -nanl -nanl -nanl -nanl -nanl -nanl -nanl 0.446287l 
-0.141498l -nanl -nanl -nanl -nanl -nanl -nanl -nanl -nanl -nanl -0.141498l 
-0.504769l -nanl -nanl -nanl -nanl -nanl -nanl -nanl -nanl -nanl -0.504769l 
-0.504769l -nanl -nanl -nanl -nanl -nanl -nanl -nanl -nanl -nanl -0.504769l 
-0.141498l -nanl -nanl -nanl -nanl -nanl -nanl -nanl -nanl -nanl -0.141498l 
0.446287l 1.034072l 1.397344l 1.397344l 1.034072l 0.446287l -0.141498l -0.504769l -0.504769l -0.141498l 0.446287l 


k = 4
0.693147l 1.280932l 1.644204l 1.644204l 1.280932l 0.693147l 0.105362l -0.257909l -0.257909l 0.105362l 0.693147l 
1.280932l -nanl -nanl -nanl -nanl -nanl -nanl -nanl -nanl -nanl 1.280932l 
1.644204l -nanl -nanl -nanl -nanl -nanl -nanl -nanl -nanl -nanl 1.644204l 
1.644204l -nanl -nanl -nanl -nanl -nanl -nanl -nanl -nanl -nanl 1.644204l 
1.280932l -nanl -nanl -nanl -nanl -nanl -nanl -nanl -nanl -nanl 1.280932l 
0.693147l -nanl -nanl -nanl -nanl -nanl -nanl -nanl -nanl -nanl 0.693147l 
0.105362l -nanl -nanl -nanl -nanl -nanl -nanl -nanl -nanl -nanl 0.105362l 
-0.257909l -nanl -nanl -nanl -nanl -nanl -nanl -nanl -nanl -nanl -0.257909l 
-0.257909l -nanl -nanl -nanl -nanl -nanl -nanl -nanl -nanl -nanl -0.257909l 
0.105362l -nanl -nanl -nanl -nanl -nanl -nanl -nanl -nanl -nanl 0.105362l 
0.693147l 1.280932l 1.644204l 1.644204l 1.280932l 0.693147l 0.105362l -0.257909l -0.257909l 0.105362l 0.693147l 


k = 5
0.940983l 1.528769l 1.892040l 1.892040l 1.528769l 0.940983l 0.353198l -0.010073l -0.010073l 0.353198l 0.940983l 
1.528769l -nanl -nanl -nanl -nanl -nanl -nanl -nanl -nanl -nanl 1.528769l 
1.892040l -nanl -nanl -nanl -nanl -nanl -nanl -nanl -nanl -nanl 1.892040l 
1.892040l -nanl -nanl -nanl -nanl -nanl -nanl -nanl -nanl -nanl 1.892040l 
1.528769l -nanl -nanl -nanl -nanl -nanl -nanl -nanl -nanl -nanl 1.528769l 
0.940983l -nanl -nanl -nanl -nanl -nanl -nanl -nanl -nanl -nanl 0.940983l 
0.353198l -nanl -nanl -nanl -nanl -nanl -nanl -nanl -nanl -nanl 0.353198l 
-0.010073l -nanl -nanl -nanl -nanl -nanl -nanl -nanl -nanl -nanl -0.010073l 
-0.010073l -nanl -nanl -nanl -nanl -nanl -nanl -nanl -nanl -nanl -0.010073l 
0.353198l -nanl -nanl -nanl -nanl -nanl -nanl -nanl -nanl -nanl 0.353198l 
0.940983l 1.528769l 1.892040l 1.892040l 1.528769l 0.940983l 0.353198l -0.010073l -0.010073l 0.353198l 0.940983l 


k = 6
1.178655l 1.766440l 2.129712l 2.129712l 1.766440l 1.178655l 0.590870l 0.227598l 0.227598l 0.590870l 1.178655l 
1.766440l -nanl -nanl -nanl -nanl -nanl -nanl -nanl -nanl -nanl 1.766440l 
2.129712l -nanl -nanl -nanl -nanl -nanl -nanl -nanl -nanl -nanl 2.129712l 
2.129712l -nanl -nanl -nanl -nanl -nanl -nanl -nanl -nanl -nanl 2.129712l 
1.766440l -nanl -nanl -nanl -nanl -nanl -nanl -nanl -nanl -nanl 1.766440l 
1.178655l -nanl -nanl -nanl -nanl -nanl -nanl -nanl -nanl -nanl 1.178655l 
0.590870l -nanl -nanl -nanl -nanl -nanl -nanl -nanl -nanl -nanl 0.590870l 
0.227598l -nanl -nanl -nanl -nanl -nanl -nanl -nanl -nanl -nanl 0.227598l 
0.227598l -nanl -nanl -nanl -nanl -nanl -nanl -nanl -nanl -nanl 0.227598l 
0.590870l -nanl -nanl -nanl -nanl -nanl -nanl -nanl -nanl -nanl 0.590870l 
1.178655l 1.766440l 2.129712l 2.129712l 1.766440l 1.178655l 0.590870l 0.227598l 0.227598l 0.590870l 1.178655l 


k = 7
1.401799l 1.989584l 2.352855l 2.352855l 1.989584l 1.401799l 0.814013l 0.450742l 0.450742l 0.814013l 1.401799l 
1.989584l -nanl -nanl -nanl -nanl -nanl -nanl -nanl -nanl -nanl 1.989584l 
2.352855l -nanl -nanl -nanl -nanl -nanl -nanl -nanl -nanl -nanl 2.352855l 
2.352855l -nanl -nanl -nanl -nanl -nanl -nanl -nanl -nanl -nanl 2.352855l 
1.989584l -nanl -nanl -nanl -nanl -nanl -nanl -nanl -nanl -nanl 1.989584l 
1.401799l -nanl -nanl -nanl -nanl -nanl -nanl -nanl -nanl -nanl 1.401799l 
0.814013l -nanl -nanl -nanl -nanl -nanl -nanl -nanl -nanl -nanl 0.814013l 
0.450742l -nanl -nanl -nanl -nanl -nanl -nanl -nanl -nanl -nanl 0.450742l 
0.450742l -nanl -nanl -nanl -nanl -nanl -nanl -nanl -nanl -nanl 0.450742l 
0.814013l -nanl -nanl -nanl -nanl -nanl -nanl -nanl -nanl -nanl 0.814013l 
1.401799l 1.989584l 2.352855l 2.352855l 1.989584l 1.401799l 0.814013l 0.450742l 0.450742l 0.814013l 1.401799l 


k = 8
1.609438l 2.197223l 2.560494l 2.560494l 2.197223l 1.609438l 1.021653l 0.658381l 0.658381l 1.021653l 1.609438l 
2.197223l -nanl -nanl -nanl -nanl -nanl -nanl -nanl -nanl -nanl 2.197223l 
2.560494l -nanl -nanl -nanl -nanl -nanl -nanl -nanl -nanl -nanl 2.560494l 
2.560494l -nanl -nanl -nanl -nanl -nanl -nanl -nanl -nanl -nanl 2.560494l 
2.197223l -nanl -nanl -nanl -nanl -nanl -nanl -nanl -nanl -nanl 2.197223l 
1.609438l -nanl -nanl -nanl -nanl -nanl -nanl -nanl -nanl -nanl 1.609438l 
1.021653l -nanl -nanl -nanl -nanl -nanl -nanl -nanl -nanl -nanl 1.021653l 
0.658381l -nanl -nanl -nanl -nanl -nanl -nanl -nanl -nanl -nanl 0.658381l 
0.658381l -nanl -nanl -nanl -nanl -nanl -nanl -nanl -nanl -nanl 0.658381l 
1.021653l -nanl -nanl -nanl -nanl -nanl -nanl -nanl -nanl -nanl 1.021653l 
1.609438l 2.197223l 2.560494l 2.560494l 2.197223l 1.609438l 1.021653l 0.658381l 0.658381l 1.021653l 1.609438l 


k = 9
1.802122l 2.389908l 2.753179l 2.753179l 2.389908l 1.802122l 1.214337l 0.851066l 0.851066l 1.214337l 1.802122l 
2.389908l -nanl -nanl -nanl -nanl -nanl -nanl -nanl -nanl -nanl 2.389908l 
2.753179l -nanl -nanl -nanl -nanl -nanl -nanl -nanl -nanl -nanl 2.753179l 
2.753179l -nanl -nanl -nanl -nanl -nanl -nanl -nanl -nanl -nanl 2.753179l 
2.389908l -nanl -nanl -nanl -nanl -nanl -nanl -nanl -nanl -nanl 2.389908l 
1.802122l -nanl -nanl -nanl -nanl -nanl -nanl -nanl -nanl -nanl 1.802122l 
1.214337l -nanl -nanl -nanl -nanl -nanl -nanl -nanl -nanl -nanl 1.214337l 
0.851066l -nanl -nanl -nanl -nanl -nanl -nanl -nanl -nanl -nanl 0.851066l 
0.851066l -nanl -nanl -nanl -nanl -nanl -nanl -nanl -nanl -nanl 0.851066l 
1.214337l -nanl -nanl -nanl -nanl -nanl -nanl -nanl -nanl -nanl 1.214337l 
1.802122l 2.389908l 2.753179l 2.753179l 2.389908l 1.802122l 1.214337l 0.851066l 0.851066l 1.214337l 1.802122l 


k = 10
1.981001l 2.568787l 2.932058l 2.932058l 2.568787l 1.981001l 1.393216l 1.029945l 1.029945l 1.393216l 1.981001l 
2.568787l -nanl -nanl -nanl -nanl -nanl -nanl -nanl -nanl -nanl 2.568787l 
2.932058l -nanl -nanl -nanl -nanl -nanl -nanl -nanl -nanl -nanl 2.932058l 
2.932058l -nanl -nanl -nanl -nanl -nanl -nanl -nanl -nanl -nanl 2.932058l 
2.568787l -nanl -nanl -nanl -nanl -nanl -nanl -nanl -nanl -nanl 2.568787l 
1.981001l -nanl -nanl -nanl -nanl -nanl -nanl -nanl -nanl -nanl 1.981001l 
1.393216l -nanl -nanl -nanl -nanl -nanl -nanl -nanl -nanl -nanl 1.393216l 
1.029945l -nanl -nanl -nanl -nanl -nanl -nanl -nanl -nanl -nanl 1.029945l 
1.029945l -nanl -nanl -nanl -nanl -nanl -nanl -nanl -nanl -nanl 1.029945l 
1.393216l -nanl -nanl -nanl -nanl -nanl -nanl -nanl -nanl -nanl 1.393216l 
1.981001l 2.568787l 2.932058l 2.932058l 2.568787l 1.981001l 1.393216l 1.029945l 1.029945l 1.393216l 1.981001l 


k = 11
2.147392l 2.735177l 3.098449l 3.098449l 2.735177l 2.147392l 1.559607l 1.196336l 1.196336l 1.559607l 2.147392l 
2.735177l -nanl -nanl -nanl -nanl -nanl -nanl -nanl -nanl -nanl 2.735177l 
3.098449l -nanl -nanl -nanl -nanl -nanl -nanl -nanl -nanl -nanl 3.098449l 
3.098449l -nanl -nanl -nanl -nanl -nanl -nanl -nanl -nanl -nanl 3.098449l 
2.735177l -nanl -nanl -nanl -nanl -nanl -nanl -nanl -nanl -nanl 2.735177l 
2.147392l -nanl -nanl -nanl -nanl -nanl -nanl -nanl -nanl -nanl 2.147392l 
1.559607l -nanl -nanl -nanl -nanl -nanl -nanl -nanl -nanl -nanl 1.559607l 
1.196336l -nanl -nanl -nanl -nanl -nanl -nanl -nanl -nanl -nanl 1.196336l 
1.196336l -nanl -nanl -nanl -nanl -nanl -nanl -nanl -nanl -nanl 1.196336l 
1.559607l -nanl -nanl -nanl -nanl -nanl -nanl -nanl -nanl -nanl 1.559607l 
2.147392l 2.735177l 3.098449l 3.098449l 2.735177l 2.147392l 1.559607l 1.196336l 1.196336l 1.559607l 2.147392l 


k = 12
2.302585l 2.890370l 3.253642l 3.253642l 2.890370l 2.302585l 1.714800l 1.351529l 1.351529l 1.714800l 2.302585l 
2.890370l -nanl -nanl -nanl -nanl -nanl -nanl -nanl -nanl -nanl 2.890370l 
3.253642l -nanl -nanl -nanl -nanl -nanl -nanl -nanl -nanl -nanl 3.253642l 
3.253642l -nanl -nanl -nanl -nanl -nanl -nanl -nanl -nanl -nanl 3.253642l 
2.890370l -nanl -nanl -nanl -nanl -nanl -nanl -nanl -nanl -nanl 2.890370l 
2.302585l -nanl -nanl -nanl -nanl -nanl -nanl -nanl -nanl -nanl 2.302585l 
1.714800l -nanl -nanl -nanl -nanl -nanl -nanl -nanl -nanl -nanl 1.714800l 
1.351529l -nanl -nanl -nanl -nanl -nanl -nanl -nanl -nanl -nanl 1.351529l 
1.351529l -nanl -nanl -nanl -nanl -nanl -nanl -nanl -nanl -nanl 1.351529l 
1.714800l -nanl -nanl -nanl -nanl -nanl -nanl -nanl -nanl -nanl 1.714800l 
2.302585l 2.890370l 3.253642l 3.253642l 2.890370l 2.302585l 1.714800l 1.351529l 1.351529l 1.714800l 2.302585l 


k = 13
2.447767l 3.035552l 3.398824l 3.398824l 3.035552l 2.447767l 1.859982l 1.496711l 1.496711l 1.859982l 2.447767l 
3.035552l -nanl -nanl -nanl -nanl -nanl -nanl -nanl -nanl -nanl 3.035552l 
3.398824l -nanl -nanl -nanl -nanl -nanl -nanl -nanl -nanl -nanl 3.398824l 
3.398824l -nanl -nanl -nanl -nanl -nanl -nanl -nanl -nanl -nanl 3.398824l 
3.035552l -nanl -nanl -nanl -nanl -nanl -nanl -nanl -nanl -nanl 3.035552l 
2.447767l -nanl -nanl -nanl -nanl -nanl -nanl -nanl -nanl -nanl 2.447767l 
1.859982l -nanl -nanl -nanl -nanl -nanl -nanl -nanl -nanl -nanl 1.859982l 
1.496711l -nanl -nanl -nanl -nanl -nanl -nanl -nanl -nanl -nanl 1.496711l 
1.496711l -nanl -nanl -nanl -nanl -nanl -nanl -nanl -nanl -nanl 1.496711l 
1.859982l -nanl -nanl -nanl -nanl -nanl -nanl -nanl -nanl -nanl 1.859982l 
2.447767l 3.035552l 3.398824l 3.398824l 3.035552l 2.447767l 1.859982l 1.496711l 1.496711l 1.859982l 2.447767l 


k = 14
2.583998l 3.171783l 3.535054l 3.535054l 3.171783l 2.583998l 1.996212l 1.632941l 1.632941l 1.996212l 2.583998l 
3.171783l -nanl -nanl -nanl -nanl -nanl -nanl -nanl -nanl -nanl 3.171783l 
3.535054l -nanl -nanl -nanl -nanl -nanl -nanl -nanl -nanl -nanl 3.535054l 
3.535054l -nanl -nanl -nanl -nanl -nanl -nanl -nanl -nanl -nanl 3.535054l 
3.171783l -nanl -nanl -nanl -nanl -nanl -nanl -nanl -nanl -nanl 3.171783l 
2.583998l -nanl -nanl -nanl -nanl -nanl -nanl -nanl -nanl -nanl 2.583998l 
1.996212l -nanl -nanl -nanl -nanl -nanl -nanl -nanl -nanl -nanl 1.996212l 
1.632941l -nanl -nanl -nanl -nanl -nanl -nanl -nanl -nanl -nanl 1.632941l 
1.632941l -nanl -nanl -nanl -nanl -nanl -nanl -nanl -nanl -nanl 1.632941l 
1.996212l -nanl -nanl -nanl -nanl -nanl -nanl -nanl -nanl -nanl 1.996212l 
2.583998l 3.171783l 3.535054l 3.535054l 3.171783l 2.583998l 1.996212l 1.632941l 1.632941l 1.996212l 2.583998l 


k = 15
2.712208l 3.299993l 3.663265l 3.663265l 3.299993l 2.712208l 2.124423l 1.761152l 1.761152l 2.124423l 2.712208l 
3.299993l -nanl -nanl -nanl -nanl -nanl -nanl -nanl -nanl -nanl 3.299993l 
3.663265l -nanl -nanl -nanl -nanl -nanl -nanl -nanl -nanl -nanl 3.663265l 
3.663265l -nanl -nanl -nanl -nanl -nanl -nanl -nanl -nanl -nanl 3.663265l 
3.299993l -nanl -nanl -nanl -nanl -nanl -nanl -nanl -nanl -nanl 3.299993l 
2.712208l -nanl -nanl -nanl -nanl -nanl -nanl -nanl -nanl -nanl 2.712208l 
2.124423l -nanl -nanl -nanl -nanl -nanl -nanl -nanl -nanl -nanl 2.124423l 
1.761152l -nanl -nanl -nanl -nanl -nanl -nanl -nanl -nanl -nanl 1.761152l 
1.761152l -nanl -nanl -nanl -nanl -nanl -nanl -nanl -nanl -nanl 1.761152l 
2.124423l -nanl -nanl -nanl -nanl -nanl -nanl -nanl -nanl -nanl 2.124423l 
2.712208l 3.299993l 3.663265l 3.663265l 3.299993l 2.712208l 2.124423l 1.761152l 1.761152l 2.124423l 2.712208l 


k = 16
2.833213l 3.420999l 3.784270l 3.784270l 3.420999l 2.833213l 2.245428l 1.882157l 1.882157l 2.245428l 2.833213l 
3.420999l -nanl -nanl -nanl -nanl -nanl -nanl -nanl -nanl -nanl 3.420999l 
3.784270l -nanl -nanl -nanl -nanl -nanl -nanl -nanl -nanl -nanl 3.784270l 
3.784270l -nanl -nanl -nanl -nanl -nanl -nanl -nanl -nanl -nanl 3.784270l 
3.420999l -nanl -nanl -nanl -nanl -nanl -nanl -nanl -nanl -nanl 3.420999l 
2.833213l -nanl -nanl -nanl -nanl -nanl -nanl -nanl -nanl -nanl 2.833213l 
2.245428l -nanl -nanl -nanl -nanl -nanl -nanl -nanl -nanl -nanl 2.245428l 
1.882157l -nanl -nanl -nanl -nanl -nanl -nanl -nanl -nanl -nanl 1.882157l 
1.882157l -nanl -nanl -nanl -nanl -nanl -nanl -nanl -nanl -nanl 1.882157l 
2.245428l -nanl -nanl -nanl -nanl -nanl -nanl -nanl -nanl -nanl 2.245428l 
2.833213l 3.420999l 3.784270l 3.784270l 3.420999l 2.833213l 2.245428l 1.882157l 1.882157l 2.245428l 2.833213l 


k = 17
2.947723l 3.535508l 3.898780l 3.898780l 3.535508l 2.947723l 2.359938l 1.996667l 1.996667l 2.359938l 2.947723l 
3.535508l -nanl -nanl -nanl -nanl -nanl -nanl -nanl -nanl -nanl 3.535508l 
3.898780l -nanl -nanl -nanl -nanl -nanl -nanl -nanl -nanl -nanl 3.898780l 
3.898780l -nanl -nanl -nanl -nanl -nanl -nanl -nanl -nanl -nanl 3.898780l 
3.535508l -nanl -nanl -nanl -nanl -nanl -nanl -nanl -nanl -nanl 3.535508l 
2.947723l -nanl -nanl -nanl -nanl -nanl -nanl -nanl -nanl -nanl 2.947723l 
2.359938l -nanl -nanl -nanl -nanl -nanl -nanl -nanl -nanl -nanl 2.359938l 
1.996667l -nanl -nanl -nanl -nanl -nanl -nanl -nanl -nanl -nanl 1.996667l 
1.996667l -nanl -nanl -nanl -nanl -nanl -nanl -nanl -nanl -nanl 1.996667l 
2.359938l -nanl -nanl -nanl -nanl -nanl -nanl -nanl -nanl -nanl 2.359938l 
2.947723l 3.535508l 3.898780l 3.898780l 3.535508l 2.947723l 2.359938l 1.996667l 1.996667l 2.359938l 2.947723l 


k = 18
3.056357l 3.644142l 4.007413l 4.007413l 3.644142l 3.056357l 2.468572l 2.105300l 2.105300l 2.468572l 3.056357l 
3.644142l -nanl -nanl -nanl -nanl -nanl -nanl -nanl -nanl -nanl 3.644142l 
4.007413l -nanl -nanl -nanl -nanl -nanl -nanl -nanl -nanl -nanl 4.007413l 
4.007413l -nanl -nanl -nanl -nanl -nanl -nanl -nanl -nanl -nanl 4.007413l 
3.644142l -nanl -nanl -nanl -nanl -nanl -nanl -nanl -nanl -nanl 3.644142l 
3.056357l -nanl -nanl -nanl -nanl -nanl -nanl -nanl -nanl -nanl 3.056357l 
2.468572l -nanl -nanl -nanl -nanl -nanl -nanl -nanl -nanl -nanl 2.468572l 
2.105300l -nanl -nanl -nanl -nanl -nanl -nanl -nanl -nanl -nanl 2.105300l 
2.105300l -nanl -nanl -nanl -nanl -nanl -nanl -nanl -nanl -nanl 2.105300l 
2.468572l -nanl -nanl -nanl -nanl -nanl -nanl -nanl -nanl -nanl 2.468572l 
3.056357l 3.644142l 4.007413l 4.007413l 3.644142l 3.056357l 2.468572l 2.105300l 2.105300l 2.468572l 3.056357l 


k = 19
3.159656l 3.747442l 4.110713l 4.110713l 3.747442l 3.159656l 2.571871l 2.208600l 2.208600l 2.571871l 3.159656l 
3.747442l -nanl -nanl -nanl -nanl -nanl -nanl -nanl -nanl -nanl 3.747442l 
4.110713l -nanl -nanl -nanl -nanl -nanl -nanl -nanl -nanl -nanl 4.110713l 
4.110713l -nanl -nanl -nanl -nanl -nanl -nanl -nanl -nanl -nanl 4.110713l 
3.747442l -nanl -nanl -nanl -nanl -nanl -nanl -nanl -nanl -nanl 3.747442l 
3.159656l -nanl -nanl -nanl -nanl -nanl -nanl -nanl -nanl -nanl 3.159656l 
2.571871l -nanl -nanl -nanl -nanl -nanl -nanl -nanl -nanl -nanl 2.571871l 
2.208600l -nanl -nanl -nanl -nanl -nanl -nanl -nanl -nanl -nanl 2.208600l 
2.208600l -nanl -nanl -nanl -nanl -nanl -nanl -nanl -nanl -nanl 2.208600l 
2.571871l -nanl -nanl -nanl -nanl -nanl -nanl -nanl -nanl -nanl 2.571871l 
3.159656l 3.747442l 4.110713l 4.110713l 3.747442l 3.159656l 2.571871l 2.208600l 2.208600l 2.571871l 3.159656l 


k = 20
3.258097l 3.845882l 4.209153l 4.209153l 3.845882l 3.258097l 2.670311l 2.307040l 2.307040l 2.670311l 3.258097l 
3.845882l -nanl -nanl -nanl -nanl -nanl -nanl -nanl -nanl -nanl 3.845882l 
4.209153l -nanl -nanl -nanl -nanl -nanl -nanl -nanl -nanl -nanl 4.209153l 
4.209153l -nanl -nanl -nanl -nanl -nanl -nanl -nanl -nanl -nanl 4.209153l 
3.845882l -nanl -nanl -nanl -nanl -nanl -nanl -nanl -nanl -nanl 3.845882l 
3.258097l -nanl -nanl -nanl -nanl -nanl -nanl -nanl -nanl -nanl 3.258097l 
2.670311l -nanl -nanl -nanl -nanl -nanl -nanl -nanl -nanl -nanl 2.670311l 
2.307040l -nanl -nanl -nanl -nanl -nanl -nanl -nanl -nanl -nanl 2.307040l 
2.307040l -nanl -nanl -nanl -nanl -nanl -nanl -nanl -nanl -nanl 2.307040l 
2.670311l -nanl -nanl -nanl -nanl -nanl -nanl -nanl -nanl -nanl 2.670311l 
3.258097l 3.845882l 4.209153l 4.209153l 3.845882l 3.258097l 2.670311l 2.307040l 2.307040l 2.670311l 3.258097l 


k = 21
3.352095l 3.939880l 4.303151l 4.303151l 3.939880l 3.352095l 2.764309l 2.401038l 2.401038l 2.764309l 3.352095l 
3.939880l -nanl -nanl -nanl -nanl -nanl -nanl -nanl -nanl -nanl 3.939880l 
4.303151l -nanl -nanl -nanl -nanl -nanl -nanl -nanl -nanl -nanl 4.303151l 
4.303151l -nanl -nanl -nanl -nanl -nanl -nanl -nanl -nanl -nanl 4.303151l 
3.939880l -nanl -nanl -nanl -nanl -nanl -nanl -nanl -nanl -nanl 3.939880l 
3.352095l -nanl -nanl -nanl -nanl -nanl -nanl -nanl -nanl -nanl 3.352095l 
2.764309l -nanl -nanl -nanl -nanl -nanl -nanl -nanl -nanl -nanl 2.764309l 
2.401038l -nanl -nanl -nanl -nanl -nanl -nanl -nanl -nanl -nanl 2.401038l 
2.401038l -nanl -nanl -nanl -nanl -nanl -nanl -nanl -nanl -nanl 2.401038l 
2.764309l -nanl -nanl -nanl -nanl -nanl -nanl -nanl -nanl -nanl 2.764309l 
3.352095l 3.939880l 4.303151l 4.303151l 3.939880l 3.352095l 2.764309l 2.401038l 2.401038l 2.764309l 3.352095l 


k = 22
3.442019l 4.029805l 4.393076l 4.393076l 4.029805l 3.442019l 2.854234l 2.490963l 2.490963l 2.854234l 3.442019l 
4.029805l -nanl -nanl -nanl -nanl -nanl -nanl -nanl -nanl -nanl 4.029805l 
4.393076l -nanl -nanl -nanl -nanl -nanl -nanl -nanl -nanl -nanl 4.393076l 
4.393076l -nanl -nanl -nanl -nanl -nanl -nanl -nanl -nanl -nanl 4.393076l 
4.029805l -nanl -nanl -nanl -nanl -nanl -nanl -nanl -nanl -nanl 4.029805l 
3.442019l -nanl -nanl -nanl -nanl -nanl -nanl -nanl -nanl -nanl 3.442019l 
2.854234l -nanl -nanl -nanl -nanl -nanl -nanl -nanl -nanl -nanl 2.854234l 
2.490963l -nanl -nanl -nanl -nanl -nanl -nanl -nanl -nanl -nanl 2.490963l 
2.490963l -nanl -nanl -nanl -nanl -nanl -nanl -nanl -nanl -nanl 2.490963l 
2.854234l -nanl -nanl -nanl -nanl -nanl -nanl -nanl -nanl -nanl 2.854234l 
3.442019l 4.029805l 4.393076l 4.393076l 4.029805l 3.442019l 2.854234l 2.490963l 2.490963l 2.854234l 3.442019l 


k = 23
3.528197l 4.115982l 4.479254l 4.479254l 4.115982l 3.528197l 2.940412l 2.577141l 2.577141l 2.940412l 3.528197l 
4.115982l -nanl -nanl -nanl -nanl -nanl -nanl -nanl -nanl -nanl 4.115982l 
4.479254l -nanl -nanl -nanl -nanl -nanl -nanl -nanl -nanl -nanl 4.479254l 
4.479254l -nanl -nanl -nanl -nanl -nanl -nanl -nanl -nanl -nanl 4.479254l 
4.115982l -nanl -nanl -nanl -nanl -nanl -nanl -nanl -nanl -nanl 4.115982l 
3.528197l -nanl -nanl -nanl -nanl -nanl -nanl -nanl -nanl -nanl 3.528197l 
2.940412l -nanl -nanl -nanl -nanl -nanl -nanl -nanl -nanl -nanl 2.940412l 
2.577141l -nanl -nanl -nanl -nanl -nanl -nanl -nanl -nanl -nanl 2.577141l 
2.577141l -nanl -nanl -nanl -nanl -nanl -nanl -nanl -nanl -nanl 2.577141l 
2.940412l -nanl -nanl -nanl -nanl -nanl -nanl -nanl -nanl -nanl 2.940412l 
3.528197l 4.115982l 4.479254l 4.479254l 4.115982l 3.528197l 2.940412l 2.577141l 2.577141l 2.940412l 3.528197l 


k = 24
3.610918l 4.198703l 4.561974l 4.561974l 4.198703l 3.610918l 3.023133l 2.659861l 2.659861l 3.023133l 3.610918l 
4.198703l -nanl -nanl -nanl -nanl -nanl -nanl -nanl -nanl -nanl 4.198703l 
4.561974l -nanl -nanl -nanl -nanl -nanl -nanl -nanl -nanl -nanl 4.561974l 
4.561974l -nanl -nanl -nanl -nanl -nanl -nanl -nanl -nanl -nanl 4.561974l 
4.198703l -nanl -nanl -nanl -nanl -nanl -nanl -nanl -nanl -nanl 4.198703l 
3.610918l -nanl -nanl -nanl -nanl -nanl -nanl -nanl -nanl -nanl 3.610918l 
3.023133l -nanl -nanl -nanl -nanl -nanl -nanl -nanl -nanl -nanl 3.023133l 
2.659861l -nanl -nanl -nanl -nanl -nanl -nanl -nanl -nanl -nanl 2.659861l 
2.659861l -nanl -nanl -nanl -nanl -nanl -nanl -nanl -nanl -nanl 2.659861l 
3.023133l -nanl -nanl -nanl -nanl -nanl -nanl -nanl -nanl -nanl 3.023133l 
3.610918l 4.198703l 4.561974l 4.561974l 4.198703l 3.610918l 3.023133l 2.659861l 2.659861l 3.023133l 3.610918l 


k = 25
3.690441l 4.278226l 4.641497l 4.641497l 4.278226l 3.690441l 3.102655l 2.739384l 2.739384l 3.102655l 3.690441l 
4.278226l -nanl -nanl -nanl -nanl -nanl -nanl -nanl -nanl -nanl 4.278226l 
4.641497l -nanl -nanl -nanl -nanl -nanl -nanl -nanl -nanl -nanl 4.641497l 
4.641497l -nanl -nanl -nanl -nanl -nanl -nanl -nanl -nanl -nanl 4.641497l 
4.278226l -nanl -nanl -nanl -nanl -nanl -nanl -nanl -nanl -nanl 4.278226l 
3.690441l -nanl -nanl -nanl -nanl -nanl -nanl -nanl -nanl -nanl 3.690441l 
3.102655l -nanl -nanl -nanl -nanl -nanl -nanl -nanl -nanl -nanl 3.102655l 
2.739384l -nanl -nanl -nanl -nanl -nanl -nanl -nanl -nanl -nanl 2.739384l 
2.739384l -nanl -nanl -nanl -nanl -nanl -nanl -nanl -nanl -nanl 2.739384l 
3.102655l -nanl -nanl -nanl -nanl -nanl -nanl -nanl -nanl -nanl 3.102655l 
3.690441l 4.278226l 4.641497l 4.641497l 4.278226l 3.690441l 3.102655l 2.739384l 2.739384l 3.102655l 3.690441l 


k = 26
3.766997l 4.354782l 4.718054l 4.718054l 4.354782l 3.766997l 3.179212l 2.815941l 2.815941l 3.179212l 3.766997l 
4.354782l -nanl -nanl -nanl -nanl -nanl -nanl -nanl -nanl -nanl 4.354782l 
4.718054l -nanl -nanl -nanl -nanl -nanl -nanl -nanl -nanl -nanl 4.718054l 
4.718054l -nanl -nanl -nanl -nanl -nanl -nanl -nanl -nanl -nanl 4.718054l 
4.354782l -nanl -nanl -nanl -nanl -nanl -nanl -nanl -nanl -nanl 4.354782l 
3.766997l -nanl -nanl -nanl -nanl -nanl -nanl -nanl -nanl -nanl 3.766997l 
3.179212l -nanl -nanl -nanl -nanl -nanl -nanl -nanl -nanl -nanl 3.179212l 
2.815941l -nanl -nanl -nanl -nanl -nanl -nanl -nanl -nanl -nanl 2.815941l 
2.815941l -nanl -nanl -nanl -nanl -nanl -nanl -nanl -nanl -nanl 2.815941l 
3.179212l -nanl -nanl -nanl -nanl -nanl -nanl -nanl -nanl -nanl 3.179212l 
3.766997l 4.354782l 4.718054l 4.718054l 4.354782l 3.766997l 3.179212l 2.815941l 2.815941l 3.179212l 3.766997l 


k = 27
3.840795l 4.428581l 4.791852l 4.791852l 4.428581l 3.840795l 3.253010l 2.889739l 2.889739l 3.253010l 3.840795l 
4.428581l -nanl -nanl -nanl -nanl -nanl -nanl -nanl -nanl -nanl 4.428581l 
4.791852l -nanl -nanl -nanl -nanl -nanl -nanl -nanl -nanl -nanl 4.791852l 
4.791852l -nanl -nanl -nanl -nanl -nanl -nanl -nanl -nanl -nanl 4.791852l 
4.428581l -nanl -nanl -nanl -nanl -nanl -nanl -nanl -nanl -nanl 4.428581l 
3.840795l -nanl -nanl -nanl -nanl -nanl -nanl -nanl -nanl -nanl 3.840795l 
3.253010l -nanl -nanl -nanl -nanl -nanl -nanl -nanl -nanl -nanl 3.253010l 
2.889739l -nanl -nanl -nanl -nanl -nanl -nanl -nanl -nanl -nanl 2.889739l 
2.889739l -nanl -nanl -nanl -nanl -nanl -nanl -nanl -nanl -nanl 2.889739l 
3.253010l -nanl -nanl -nanl -nanl -nanl -nanl -nanl -nanl -nanl 3.253010l 
3.840795l 4.428581l 4.791852l 4.791852l 4.428581l 3.840795l 3.253010l 2.889739l 2.889739l 3.253010l 3.840795l 


k = 28
3.912023l 4.499808l 4.863080l 4.863080l 4.499808l 3.912023l 3.324238l 2.960966l 2.960966l 3.324238l 3.912023l 
4.499808l -nanl -nanl -nanl -nanl -nanl -nanl -nanl -nanl -nanl 4.499808l 
4.863080l -nanl -nanl -nanl -nanl -nanl -nanl -nanl -nanl -nanl 4.863080l 
4.863080l -nanl -nanl -nanl -nanl -nanl -nanl -nanl -nanl -nanl 4.863080l 
4.499808l -nanl -nanl -nanl -nanl -nanl -nanl -nanl -nanl -nanl 4.499808l 
3.912023l -nanl -nanl -nanl -nanl -nanl -nanl -nanl -nanl -nanl 3.912023l 
3.324238l -nanl -nanl -nanl -nanl -nanl -nanl -nanl -nanl -nanl 3.324238l 
2.960966l -nanl -nanl -nanl -nanl -nanl -nanl -nanl -nanl -nanl 2.960966l 
2.960966l -nanl -nanl -nanl -nanl -nanl -nanl -nanl -nanl -nanl 2.960966l 
3.324238l -nanl -nanl -nanl -nanl -nanl -nanl -nanl -nanl -nanl 3.324238l 
3.912023l 4.499808l 4.863080l 4.863080l 4.499808l 3.912023l 3.324238l 2.960966l 2.960966l 3.324238l 3.912023l 


k = 29
3.980849l 4.568634l 4.931906l 4.931906l 4.568634l 3.980849l 3.393064l 3.029793l 3.029793l 3.393064l 3.980849l 
4.568634l -nanl -nanl -nanl -nanl -nanl -nanl -nanl -nanl -nanl 4.568634l 
4.931906l -nanl -nanl -nanl -nanl -nanl -nanl -nanl -nanl -nanl 4.931906l 
4.931906l -nanl -nanl -nanl -nanl -nanl -nanl -nanl -nanl -nanl 4.931906l 
4.568634l -nanl -nanl -nanl -nanl -nanl -nanl -nanl -nanl -nanl 4.568634l 
3.980849l -nanl -nanl -nanl -nanl -nanl -nanl -nanl -nanl -nanl 3.980849l 
3.393064l -nanl -nanl -nanl -nanl -nanl -nanl -nanl -nanl -nanl 3.393064l 
3.029793l -nanl -nanl -nanl -nanl -nanl -nanl -nanl -nanl -nanl 3.029793l 
3.029793l -nanl -nanl -nanl -nanl -nanl -nanl -nanl -nanl -nanl 3.029793l 
3.393064l -nanl -nanl -nanl -nanl -nanl -nanl -nanl -nanl -nanl 3.393064l 
3.980849l 4.568634l 4.931906l 4.931906l 4.568634l 3.980849l 3.393064l 3.029793l 3.029793l 3.393064l 3.980849l 


k = 30
4.047428l 4.635213l 4.998484l 4.998484l 4.635213l 4.047428l 3.459642l 3.096371l 3.096371l 3.459642l 4.047428l 
4.635213l -nanl -nanl -nanl -nanl -nanl -nanl -nanl -nanl -nanl 4.635213l 
4.998484l -nanl -nanl -nanl -nanl -nanl -nanl -nanl -nanl -nanl 4.998484l 
4.998484l -nanl -nanl -nanl -nanl -nanl -nanl -nanl -nanl -nanl 4.998484l 
4.635213l -nanl -nanl -nanl -nanl -nanl -nanl -nanl -nanl -nanl 4.635213l 
4.047428l -nanl -nanl -nanl -nanl -nanl -nanl -nanl -nanl -nanl 4.047428l 
3.459642l -nanl -nanl -nanl -nanl -nanl -nanl -nanl -nanl -nanl 3.459642l 
3.096371l -nanl -nanl -nanl -nanl -nanl -nanl -nanl -nanl -nanl 3.096371l 
3.096371l -nanl -nanl -nanl -nanl -nanl -nanl -nanl -nanl -nanl 3.096371l 
3.459642l -nanl -nanl -nanl -nanl -nanl -nanl -nanl -nanl -nanl 3.459642l 
4.047428l 4.635213l 4.998484l 4.998484l 4.635213l 4.047428l 3.459642l 3.096371l 3.096371l 3.459642l 4.047428l 


k = 31
4.111898l 4.699683l 5.062954l 5.062954l 4.699683l 4.111898l 3.524113l 3.160841l 3.160841l 3.524113l 4.111898l 
4.699683l -nanl -nanl -nanl -nanl -nanl -nanl -nanl -nanl -nanl 4.699683l 
5.062954l -nanl -nanl -nanl -nanl -nanl -nanl -nanl -nanl -nanl 5.062954l 
5.062954l -nanl -nanl -nanl -nanl -nanl -nanl -nanl -nanl -nanl 5.062954l 
4.699683l -nanl -nanl -nanl -nanl -nanl -nanl -nanl -nanl -nanl 4.699683l 
4.111898l -nanl -nanl -nanl -nanl -nanl -nanl -nanl -nanl -nanl 4.111898l 
3.524113l -nanl -nanl -nanl -nanl -nanl -nanl -nanl -nanl -nanl 3.524113l 
3.160841l -nanl -nanl -nanl -nanl -nanl -nanl -nanl -nanl -nanl 3.160841l 
3.160841l -nanl -nanl -nanl -nanl -nanl -nanl -nanl -nanl -nanl 3.160841l 
3.524113l -nanl -nanl -nanl -nanl -nanl -nanl -nanl -nanl -nanl 3.524113l 
4.111898l 4.699683l 5.062954l 5.062954l 4.699683l 4.111898l 3.524113l 3.160841l 3.160841l 3.524113l 4.111898l 


k = 32
4.174387l 4.762173l 5.125444l 5.125444l 4.762173l 4.174387l 3.586602l 3.223331l 3.223331l 3.586602l 4.174387l 
4.762173l -nanl -nanl -nanl -nanl -nanl -nanl -nanl -nanl -nanl 4.762173l 
5.125444l -nanl -nanl -nanl -nanl -nanl -nanl -nanl -nanl -nanl 5.125444l 
5.125444l -nanl -nanl -nanl -nanl -nanl -nanl -nanl -nanl -nanl 5.125444l 
4.762173l -nanl -nanl -nanl -nanl -nanl -nanl -nanl -nanl -nanl 4.762173l 
4.174387l -nanl -nanl -nanl -nanl -nanl -nanl -nanl -nanl -nanl 4.174387l 
3.586602l -nanl -nanl -nanl -nanl -nanl -nanl -nanl -nanl -nanl 3.586602l 
3.223331l -nanl -nanl -nanl -nanl -nanl -nanl -nanl -nanl -nanl 3.223331l 
3.223331l -nanl -nanl -nanl -nanl -nanl -nanl -nanl -nanl -nanl 3.223331l 
3.586602l -nanl -nanl -nanl -nanl -nanl -nanl -nanl -nanl -nanl 3.586602l 
4.174387l 4.762173l 5.125444l 5.125444l 4.762173l 4.174387l 3.586602l 3.223331l 3.223331l 3.586602l 4.174387l 


k = 33
4.235012l 4.822797l 5.186068l 5.186068l 4.822797l 4.235012l 3.647227l 3.283955l 3.283955l 3.647227l 4.235012l 
4.822797l -nanl -nanl -nanl -nanl -nanl -nanl -nanl -nanl -nanl 4.822797l 
5.186068l -nanl -nanl -nanl -nanl -nanl -nanl -nanl -nanl -nanl 5.186068l 
5.186068l -nanl -nanl -nanl -nanl -nanl -nanl -nanl -nanl -nanl 5.186068l 
4.822797l -nanl -nanl -nanl -nanl -nanl -nanl -nanl -nanl -nanl 4.822797l 
4.235012l -nanl -nanl -nanl -nanl -nanl -nanl -nanl -nanl -nanl 4.235012l 
3.647227l -nanl -nanl -nanl -nanl -nanl -nanl -nanl -nanl -nanl 3.647227l 
3.283955l -nanl -nanl -nanl -nanl -nanl -nanl -nanl -nanl -nanl 3.283955l 
3.283955l -nanl -nanl -nanl -nanl -nanl -nanl -nanl -nanl -nanl 3.283955l 
3.647227l -nanl -nanl -nanl -nanl -nanl -nanl -nanl -nanl -nanl 3.647227l 
4.235012l 4.822797l 5.186068l 5.186068l 4.822797l 4.235012l 3.647227l 3.283955l 3.283955l 3.647227l 4.235012l 


k = 34
4.293878l 4.881664l 5.244935l 5.244935l 4.881664l 4.293878l 3.706093l 3.342822l 3.342822l 3.706093l 4.293878l 
4.881664l -nanl -nanl -nanl -nanl -nanl -nanl -nanl -nanl -nanl 4.881664l 
5.244935l -nanl -nanl -nanl -nanl -nanl -nanl -nanl -nanl -nanl 5.244935l 
5.244935l -nanl -nanl -nanl -nanl -nanl -nanl -nanl -nanl -nanl 5.244935l 
4.881664l -nanl -nanl -nanl -nanl -nanl -nanl -nanl -nanl -nanl 4.881664l 
4.293878l -nanl -nanl -nanl -nanl -nanl -nanl -nanl -nanl -nanl 4.293878l 
3.706093l -nanl -nanl -nanl -nanl -nanl -nanl -nanl -nanl -nanl 3.706093l 
3.342822l -nanl -nanl -nanl -nanl -nanl -nanl -nanl -nanl -nanl 3.342822l 
3.342822l -nanl -nanl -nanl -nanl -nanl -nanl -nanl -nanl -nanl 3.342822l 
3.706093l -nanl -nanl -nanl -nanl -nanl -nanl -nanl -nanl -nanl 3.706093l 
4.293878l 4.881664l 5.244935l 5.244935l 4.881664l 4.293878l 3.706093l 3.342822l 3.342822l 3.706093l 4.293878l 


k = 35
4.351084l 4.938869l 5.302141l 5.302141l 4.938869l 4.351084l 3.763299l 3.400028l 3.400028l 3.763299l 4.351084l 
4.938869l -nanl -nanl -nanl -nanl -nanl -nanl -nanl -nanl -nanl 4.938869l 
5.302141l -nanl -nanl -nanl -nanl -nanl -nanl -nanl -nanl -nanl 5.302141l 
5.302141l -nanl -nanl -nanl -nanl -nanl -nanl -nanl -nanl -nanl 5.302141l 
4.938869l -nanl -nanl -nanl -nanl -nanl -nanl -nanl -nanl -nanl 4.938869l 
4.351084l -nanl -nanl -nanl -nanl -nanl -nanl -nanl -nanl -nanl 4.351084l 
3.763299l -nanl -nanl -nanl -nanl -nanl -nanl -nanl -nanl -nanl 3.763299l 
3.400028l -nanl -nanl -nanl -nanl -nanl -nanl -nanl -nanl -nanl 3.400028l 
3.400028l -nanl -nanl -nanl -nanl -nanl -nanl -nanl -nanl -nanl 3.400028l 
3.763299l -nanl -nanl -nanl -nanl -nanl -nanl -nanl -nanl -nanl 3.763299l 
4.351084l 4.938869l 5.302141l 5.302141l 4.938869l 4.351084l 3.763299l 3.400028l 3.400028l 3.763299l 4.351084l 


k = 36
4.406719l 4.994504l 5.357776l 5.357776l 4.994504l 4.406719l 3.818934l 3.455663l 3.455663l 3.818934l 4.406719l 
4.994504l -nanl -nanl -nanl -nanl -nanl -nanl -nanl -nanl -nanl 4.994504l 
5.357776l -nanl -nanl -nanl -nanl -nanl -nanl -nanl -nanl -nanl 5.357776l 
5.357776l -nanl -nanl -nanl -nanl -nanl -nanl -nanl -nanl -nanl 5.357776l 
4.994504l -nanl -nanl -nanl -nanl -nanl -nanl -nanl -nanl -nanl 4.994504l 
4.406719l -nanl -nanl -nanl -nanl -nanl -nanl -nanl -nanl -nanl 4.406719l 
3.818934l -nanl -nanl -nanl -nanl -nanl -nanl -nanl -nanl -nanl 3.818934l 
3.455663l -nanl -nanl -nanl -nanl -nanl -nanl -nanl -nanl -nanl 3.455663l 
3.455663l -nanl -nanl -nanl -nanl -nanl -nanl -nanl -nanl -nanl 3.455663l 
3.818934l -nanl -nanl -nanl -nanl -nanl -nanl -nanl -nanl -nanl 3.818934l 
4.406719l 4.994504l 5.357776l 5.357776l 4.994504l 4.406719l 3.818934l 3.455663l 3.455663l 3.818934l 4.406719l 


k = 37
4.460867l 5.048652l 5.411923l 5.411923l 5.048652l 4.460867l 3.873081l 3.509810l 3.509810l 3.873081l 4.460867l 
5.048652l -nanl -nanl -nanl -nanl -nanl -nanl -nanl -nanl -nanl 5.048652l 
5.411923l -nanl -nanl -nanl -nanl -nanl -nanl -nanl -nanl -nanl 5.411923l 
5.411923l -nanl -nanl -nanl -nanl -nanl -nanl -nanl -nanl -nanl 5.411923l 
5.048652l -nanl -nanl -nanl -nanl -nanl -nanl -nanl -nanl -nanl 5.048652l 
4.460867l -nanl -nanl -nanl -nanl -nanl -nanl -nanl -nanl -nanl 4.460867l 
3.873081l -nanl -nanl -nanl -nanl -nanl -nanl -nanl -nanl -nanl 3.873081l 
3.509810l -nanl -nanl -nanl -nanl -nanl -nanl -nanl -nanl -nanl 3.509810l 
3.509810l -nanl -nanl -nanl -nanl -nanl -nanl -nanl -nanl -nanl 3.509810l 
3.873081l -nanl -nanl -nanl -nanl -nanl -nanl -nanl -nanl -nanl 3.873081l 
4.460867l 5.048652l 5.411923l 5.411923l 5.048652l 4.460867l 3.873081l 3.509810l 3.509810l 3.873081l 4.460867l 


k = 38
4.513603l 5.101388l 5.464660l 5.464660l 5.101388l 4.513603l 3.925818l 3.562546l 3.562546l 3.925818l 4.513603l 
5.101388l -nanl -nanl -nanl -nanl -nanl -nanl -nanl -nanl -nanl 5.101388l 
5.464660l -nanl -nanl -nanl -nanl -nanl -nanl -nanl -nanl -nanl 5.464660l 
5.464660l -nanl -nanl -nanl -nanl -nanl -nanl -nanl -nanl -nanl 5.464660l 
5.101388l -nanl -nanl -nanl -nanl -nanl -nanl -nanl -nanl -nanl 5.101388l 
4.513603l -nanl -nanl -nanl -nanl -nanl -nanl -nanl -nanl -nanl 4.513603l 
3.925818l -nanl -nanl -nanl -nanl -nanl -nanl -nanl -nanl -nanl 3.925818l 
3.562546l -nanl -nanl -nanl -nanl -nanl -nanl -nanl -nanl -nanl 3.562546l 
3.562546l -nanl -nanl -nanl -nanl -nanl -nanl -nanl -nanl -nanl 3.562546l 
3.925818l -nanl -nanl -nanl -nanl -nanl -nanl -nanl -nanl -nanl 3.925818l 
4.513603l 5.101388l 5.464660l 5.464660l 5.101388l 4.513603l 3.925818l 3.562546l 3.562546l 3.925818l 4.513603l 


k = 39
4.564999l 5.152784l 5.516056l 5.516056l 5.152784l 4.564999l 3.977214l 3.613943l 3.613943l 3.977214l 4.564999l 
5.152784l -nanl -nanl -nanl -nanl -nanl -nanl -nanl -nanl -nanl 5.152784l 
5.516056l -nanl -nanl -nanl -nanl -nanl -nanl -nanl -nanl -nanl 5.516056l 
5.516056l -nanl -nanl -nanl -nanl -nanl -nanl -nanl -nanl -nanl 5.516056l 
5.152784l -nanl -nanl -nanl -nanl -nanl -nanl -nanl -nanl -nanl 5.152784l 
4.564999l -nanl -nanl -nanl -nanl -nanl -nanl -nanl -nanl -nanl 4.564999l 
3.977214l -nanl -nanl -nanl -nanl -nanl -nanl -nanl -nanl -nanl 3.977214l 
3.613943l -nanl -nanl -nanl -nanl -nanl -nanl -nanl -nanl -nanl 3.613943l 
3.613943l -nanl -nanl -nanl -nanl -nanl -nanl -nanl -nanl -nanl 3.613943l 
3.977214l -nanl -nanl -nanl -nanl -nanl -nanl -nanl -nanl -nanl 3.977214l 
4.564999l 5.152784l 5.516056l 5.516056l 5.152784l 4.564999l 3.977214l 3.613943l 3.613943l 3.977214l 4.564999l 


8.88178e-16